<?xml version="1.0" encoding="UTF-8"?>
<!-- Generated by org.testng.reporters.JUnitXMLReporter -->
<testsuite ignored="0" hostname="Michaels-MacBook-Pro.local" failures="0" tests="597" name="Default test" time="1.389" errors="0" timestamp="2024-12-07T18:55:38 SAST">
  <testcase classname="MichaelSeleniumAutomation.ExtractDataFromExcel.dataProviderTest" name="getDataFromArray" time="0.004"/>
  <testcase classname="MichaelSeleniumAutomation.ExtractDataFromExcel.dataProviderTest" name="getDataFromArray" time="0.001"/>
  <testcase classname="MichaelSeleniumAutomation.ExtractDataFromExcel.dataProviderTest" name="getDataFromArray" time="0.001"/>
  <testcase classname="MichaelSeleniumAutomation.ExtractDataFromExcel.dataProviderTest" name="getDataFromArray" time="0.001"/>
  <testcase classname="MichaelSeleniumAutomation.ExtractDataFromExcel.dataProviderTest" name="getDataFromArray" time="0.001"/>
  <testcase classname="MichaelSeleniumAutomation.ExtractDataFromExcel.dataProviderTest" name="getDataFromArray" time="0.001"/>
  <testcase classname="MichaelSeleniumAutomation.ExtractDataFromExcel.dataProviderTest" name="getDataFromArray" time="0.001"/>
  <testcase classname="MichaelSeleniumAutomation.ExtractDataFromExcel.dataProviderTest" name="getDataFromArray" time="0.002"/>
  <testcase classname="MichaelSeleniumAutomation.ExtractDataFromExcel.dataProviderTest" name="getDataFromArray" time="0.0"/>
  <testcase classname="MichaelSeleniumAutomation.ExtractDataFromExcel.dataProviderTest" name="getDataFromArray" time="0.001"/>
  <testcase classname="MichaelSeleniumAutomation.ExtractDataFromExcel.dataProviderTest" name="getDataFromArray" time="0.001"/>
  <testcase classname="MichaelSeleniumAutomation.ExtractDataFromExcel.dataProviderTest" name="getDataFromArray" time="0.0"/>
  <testcase classname="MichaelSeleniumAutomation.ExtractDataFromExcel.dataProviderTest" name="getDataFromArray" time="0.001"/>
  <testcase classname="MichaelSeleniumAutomation.ExtractDataFromExcel.dataProviderTest" name="getDataFromArray" time="0.001"/>
  <testcase classname="MichaelSeleniumAutomation.ExtractDataFromExcel.dataProviderTest" name="getDataFromArray" time="0.001"/>
  <testcase classname="MichaelSeleniumAutomation.ExtractDataFromExcel.dataProviderTest" name="getDataFromArray" time="0.002"/>
  <testcase classname="MichaelSeleniumAutomation.ExtractDataFromExcel.dataProviderTest" name="getDataFromArray" time="0.001"/>
  <testcase classname="MichaelSeleniumAutomation.ExtractDataFromExcel.dataProviderTest" name="getDataFromArray" time="0.001"/>
  <testcase classname="MichaelSeleniumAutomation.ExtractDataFromExcel.dataProviderTest" name="getDataFromArray" time="0.001"/>
  <testcase classname="MichaelSeleniumAutomation.ExtractDataFromExcel.dataProviderTest" name="getDataFromArray" time="0.001"/>
  <testcase classname="MichaelSeleniumAutomation.ExtractDataFromExcel.dataProviderTest" name="getDataFromArray" time="0.0"/>
  <testcase classname="MichaelSeleniumAutomation.ExtractDataFromExcel.dataProviderTest" name="getDataFromArray" time="0.001"/>
  <testcase classname="MichaelSeleniumAutomation.ExtractDataFromExcel.dataProviderTest" name="getDataFromArray" time="0.0"/>
  <testcase classname="MichaelSeleniumAutomation.ExtractDataFromExcel.dataProviderTest" name="getDataFromArray" time="0.0"/>
  <testcase classname="MichaelSeleniumAutomation.ExtractDataFromExcel.dataProviderTest" name="getDataFromArray" time="0.001"/>
  <testcase classname="MichaelSeleniumAutomation.ExtractDataFromExcel.dataProviderTest" name="getDataFromArray" time="0.0"/>
  <testcase classname="MichaelSeleniumAutomation.ExtractDataFromExcel.dataProviderTest" name="getDataFromArray" time="0.0"/>
  <testcase classname="MichaelSeleniumAutomation.ExtractDataFromExcel.dataProviderTest" name="getDataFromArray" time="0.001"/>
  <testcase classname="MichaelSeleniumAutomation.ExtractDataFromExcel.dataProviderTest" name="getDataFromArray" time="0.001"/>
  <testcase classname="MichaelSeleniumAutomation.ExtractDataFromExcel.dataProviderTest" name="getDataFromArray" time="0.001"/>
  <testcase classname="MichaelSeleniumAutomation.ExtractDataFromExcel.dataProviderTest" name="getDataFromArray" time="0.0"/>
  <testcase classname="MichaelSeleniumAutomation.ExtractDataFromExcel.dataProviderTest" name="getDataFromArray" time="0.0"/>
  <testcase classname="MichaelSeleniumAutomation.ExtractDataFromExcel.dataProviderTest" name="getDataFromArray" time="0.0"/>
  <testcase classname="MichaelSeleniumAutomation.ExtractDataFromExcel.dataProviderTest" name="getDataFromArray" time="0.001"/>
  <testcase classname="MichaelSeleniumAutomation.ExtractDataFromExcel.dataProviderTest" name="getDataFromArray" time="0.0"/>
  <testcase classname="MichaelSeleniumAutomation.ExtractDataFromExcel.dataProviderTest" name="getDataFromArray" time="0.0"/>
  <testcase classname="MichaelSeleniumAutomation.ExtractDataFromExcel.dataProviderTest" name="getDataFromArray" time="0.0"/>
  <testcase classname="MichaelSeleniumAutomation.ExtractDataFromExcel.dataProviderTest" name="getDataFromArray" time="0.001"/>
  <testcase classname="MichaelSeleniumAutomation.ExtractDataFromExcel.dataProviderTest" name="getDataFromArray" time="0.001"/>
  <testcase classname="MichaelSeleniumAutomation.ExtractDataFromExcel.dataProviderTest" name="getDataFromArray" time="0.001"/>
  <testcase classname="MichaelSeleniumAutomation.ExtractDataFromExcel.dataProviderTest" name="getDataFromArray" time="0.001"/>
  <testcase classname="MichaelSeleniumAutomation.ExtractDataFromExcel.dataProviderTest" name="getDataFromArray" time="0.001"/>
  <testcase classname="MichaelSeleniumAutomation.ExtractDataFromExcel.dataProviderTest" name="getDataFromArray" time="0.001"/>
  <testcase classname="MichaelSeleniumAutomation.ExtractDataFromExcel.dataProviderTest" name="getDataFromArray" time="0.001"/>
  <testcase classname="MichaelSeleniumAutomation.ExtractDataFromExcel.dataProviderTest" name="getDataFromArray" time="0.001"/>
  <testcase classname="MichaelSeleniumAutomation.ExtractDataFromExcel.dataProviderTest" name="getDataFromArray" time="0.001"/>
  <testcase classname="MichaelSeleniumAutomation.ExtractDataFromExcel.dataProviderTest" name="getDataFromArray" time="0.001"/>
  <testcase classname="MichaelSeleniumAutomation.ExtractDataFromExcel.dataProviderTest" name="getDataFromArray" time="0.001"/>
  <testcase classname="MichaelSeleniumAutomation.ExtractDataFromExcel.dataProviderTest" name="getDataFromArray" time="0.001"/>
  <testcase classname="MichaelSeleniumAutomation.ExtractDataFromExcel.dataProviderTest" name="getDataFromArray" time="0.0"/>
  <testcase classname="MichaelSeleniumAutomation.ExtractDataFromExcel.dataProviderTest" name="getDataFromArray" time="0.001"/>
  <testcase classname="MichaelSeleniumAutomation.ExtractDataFromExcel.dataProviderTest" name="getDataFromArray" time="0.001"/>
  <testcase classname="MichaelSeleniumAutomation.ExtractDataFromExcel.dataProviderTest" name="getDataFromArray" time="0.0"/>
  <testcase classname="MichaelSeleniumAutomation.ExtractDataFromExcel.dataProviderTest" name="getDataFromArray" time="0.0"/>
  <testcase classname="MichaelSeleniumAutomation.ExtractDataFromExcel.dataProviderTest" name="getDataFromArray" time="0.0"/>
  <testcase classname="MichaelSeleniumAutomation.ExtractDataFromExcel.dataProviderTest" name="getDataFromArray" time="0.0"/>
  <testcase classname="MichaelSeleniumAutomation.ExtractDataFromExcel.dataProviderTest" name="getDataFromArray" time="0.0"/>
  <testcase classname="MichaelSeleniumAutomation.ExtractDataFromExcel.dataProviderTest" name="getDataFromArray" time="0.0"/>
  <testcase classname="MichaelSeleniumAutomation.ExtractDataFromExcel.dataProviderTest" name="getDataFromArray" time="0.0"/>
  <testcase classname="MichaelSeleniumAutomation.ExtractDataFromExcel.dataProviderTest" name="getDataFromArray" time="0.0"/>
  <testcase classname="MichaelSeleniumAutomation.ExtractDataFromExcel.dataProviderTest" name="getDataFromArray" time="0.0"/>
  <testcase classname="MichaelSeleniumAutomation.ExtractDataFromExcel.dataProviderTest" name="getDataFromArray" time="0.001"/>
  <testcase classname="MichaelSeleniumAutomation.ExtractDataFromExcel.dataProviderTest" name="getDataFromArray" time="0.001"/>
  <testcase classname="MichaelSeleniumAutomation.ExtractDataFromExcel.dataProviderTest" name="getDataFromArray" time="0.0"/>
  <testcase classname="MichaelSeleniumAutomation.ExtractDataFromExcel.dataProviderTest" name="getDataFromArray" time="0.001"/>
  <testcase classname="MichaelSeleniumAutomation.ExtractDataFromExcel.dataProviderTest" name="getDataFromArray" time="0.001"/>
  <testcase classname="MichaelSeleniumAutomation.ExtractDataFromExcel.dataProviderTest" name="getDataFromArray" time="0.001"/>
  <testcase classname="MichaelSeleniumAutomation.ExtractDataFromExcel.dataProviderTest" name="getDataFromArray" time="0.001"/>
  <testcase classname="MichaelSeleniumAutomation.ExtractDataFromExcel.dataProviderTest" name="getDataFromArray" time="0.001"/>
  <testcase classname="MichaelSeleniumAutomation.ExtractDataFromExcel.dataProviderTest" name="getDataFromArray" time="0.0"/>
  <testcase classname="MichaelSeleniumAutomation.ExtractDataFromExcel.dataProviderTest" name="getDataFromArray" time="0.0"/>
  <testcase classname="MichaelSeleniumAutomation.ExtractDataFromExcel.dataProviderTest" name="getDataFromArray" time="0.0"/>
  <testcase classname="MichaelSeleniumAutomation.ExtractDataFromExcel.dataProviderTest" name="getDataFromArray" time="0.0"/>
  <testcase classname="MichaelSeleniumAutomation.ExtractDataFromExcel.dataProviderTest" name="getDataFromArray" time="0.001"/>
  <testcase classname="MichaelSeleniumAutomation.ExtractDataFromExcel.dataProviderTest" name="getDataFromArray" time="0.001"/>
  <testcase classname="MichaelSeleniumAutomation.ExtractDataFromExcel.dataProviderTest" name="getDataFromArray" time="0.001"/>
  <testcase classname="MichaelSeleniumAutomation.ExtractDataFromExcel.dataProviderTest" name="getDataFromArray" time="0.001"/>
  <testcase classname="MichaelSeleniumAutomation.ExtractDataFromExcel.dataProviderTest" name="getDataFromArray" time="0.0"/>
  <testcase classname="MichaelSeleniumAutomation.ExtractDataFromExcel.dataProviderTest" name="getDataFromArray" time="0.001"/>
  <testcase classname="MichaelSeleniumAutomation.ExtractDataFromExcel.dataProviderTest" name="getDataFromArray" time="0.001"/>
  <testcase classname="MichaelSeleniumAutomation.ExtractDataFromExcel.dataProviderTest" name="getDataFromArray" time="0.0"/>
  <testcase classname="MichaelSeleniumAutomation.ExtractDataFromExcel.dataProviderTest" name="getDataFromArray" time="0.0"/>
  <testcase classname="MichaelSeleniumAutomation.ExtractDataFromExcel.dataProviderTest" name="getDataFromArray" time="0.0"/>
  <testcase classname="MichaelSeleniumAutomation.ExtractDataFromExcel.dataProviderTest" name="getDataFromArray" time="0.001"/>
  <testcase classname="MichaelSeleniumAutomation.ExtractDataFromExcel.dataProviderTest" name="getDataFromArray" time="0.001"/>
  <testcase classname="MichaelSeleniumAutomation.ExtractDataFromExcel.dataProviderTest" name="getDataFromArray" time="0.0"/>
  <testcase classname="MichaelSeleniumAutomation.ExtractDataFromExcel.dataProviderTest" name="getDataFromArray" time="0.0"/>
  <testcase classname="MichaelSeleniumAutomation.ExtractDataFromExcel.dataProviderTest" name="getDataFromArray" time="0.0"/>
  <testcase classname="MichaelSeleniumAutomation.ExtractDataFromExcel.dataProviderTest" name="getDataFromArray" time="0.0"/>
  <testcase classname="MichaelSeleniumAutomation.ExtractDataFromExcel.dataProviderTest" name="getDataFromArray" time="0.0"/>
  <testcase classname="MichaelSeleniumAutomation.ExtractDataFromExcel.dataProviderTest" name="getDataFromArray" time="0.0"/>
  <testcase classname="MichaelSeleniumAutomation.ExtractDataFromExcel.dataProviderTest" name="getDataFromArray" time="0.001"/>
  <testcase classname="MichaelSeleniumAutomation.ExtractDataFromExcel.dataProviderTest" name="getDataFromArray" time="0.001"/>
  <testcase classname="MichaelSeleniumAutomation.ExtractDataFromExcel.dataProviderTest" name="getDataFromArray" time="0.001"/>
  <testcase classname="MichaelSeleniumAutomation.ExtractDataFromExcel.dataProviderTest" name="getDataFromArray" time="0.0"/>
  <testcase classname="MichaelSeleniumAutomation.ExtractDataFromExcel.dataProviderTest" name="getDataFromArray" time="0.001"/>
  <testcase classname="MichaelSeleniumAutomation.ExtractDataFromExcel.dataProviderTest" name="getDataFromArray" time="0.001"/>
  <testcase classname="MichaelSeleniumAutomation.ExtractDataFromExcel.dataProviderTest" name="getDataFromArray" time="0.0"/>
  <testcase classname="MichaelSeleniumAutomation.ExtractDataFromExcel.dataProviderTest" name="getDataFromArray" time="0.001"/>
  <testcase classname="MichaelSeleniumAutomation.ExtractDataFromExcel.dataProviderTest" name="getDataFromArray" time="0.001"/>
  <testcase classname="MichaelSeleniumAutomation.ExtractDataFromExcel.dataProviderTest" name="getDataFromArray" time="0.0"/>
  <testcase classname="MichaelSeleniumAutomation.ExtractDataFromExcel.dataProviderTest" name="getDataFromArray" time="0.001"/>
  <testcase classname="MichaelSeleniumAutomation.ExtractDataFromExcel.dataProviderTest" name="getDataFromArray" time="0.0"/>
  <testcase classname="MichaelSeleniumAutomation.ExtractDataFromExcel.dataProviderTest" name="getDataFromArray" time="0.0"/>
  <testcase classname="MichaelSeleniumAutomation.ExtractDataFromExcel.dataProviderTest" name="getDataFromArray" time="0.0"/>
  <testcase classname="MichaelSeleniumAutomation.ExtractDataFromExcel.dataProviderTest" name="getDataFromArray" time="0.001"/>
  <testcase classname="MichaelSeleniumAutomation.ExtractDataFromExcel.dataProviderTest" name="getDataFromArray" time="0.0"/>
  <testcase classname="MichaelSeleniumAutomation.ExtractDataFromExcel.dataProviderTest" name="getDataFromArray" time="0.0"/>
  <testcase classname="MichaelSeleniumAutomation.ExtractDataFromExcel.dataProviderTest" name="getDataFromArray" time="0.001"/>
  <testcase classname="MichaelSeleniumAutomation.ExtractDataFromExcel.dataProviderTest" name="getDataFromArray" time="0.001"/>
  <testcase classname="MichaelSeleniumAutomation.ExtractDataFromExcel.dataProviderTest" name="getDataFromArray" time="0.0"/>
  <testcase classname="MichaelSeleniumAutomation.ExtractDataFromExcel.dataProviderTest" name="getDataFromArray" time="0.001"/>
  <testcase classname="MichaelSeleniumAutomation.ExtractDataFromExcel.dataProviderTest" name="getDataFromArray" time="0.0"/>
  <testcase classname="MichaelSeleniumAutomation.ExtractDataFromExcel.dataProviderTest" name="getDataFromArray" time="0.0"/>
  <testcase classname="MichaelSeleniumAutomation.ExtractDataFromExcel.dataProviderTest" name="getDataFromArray" time="0.0"/>
  <testcase classname="MichaelSeleniumAutomation.ExtractDataFromExcel.dataProviderTest" name="getDataFromArray" time="0.001"/>
  <testcase classname="MichaelSeleniumAutomation.ExtractDataFromExcel.dataProviderTest" name="getDataFromArray" time="0.0"/>
  <testcase classname="MichaelSeleniumAutomation.ExtractDataFromExcel.dataProviderTest" name="getDataFromArray" time="0.0"/>
  <testcase classname="MichaelSeleniumAutomation.ExtractDataFromExcel.dataProviderTest" name="getDataFromArray" time="0.001"/>
  <testcase classname="MichaelSeleniumAutomation.ExtractDataFromExcel.dataProviderTest" name="getDataFromArray" time="0.0"/>
  <testcase classname="MichaelSeleniumAutomation.ExtractDataFromExcel.dataProviderTest" name="getDataFromArray" time="0.0"/>
  <testcase classname="MichaelSeleniumAutomation.ExtractDataFromExcel.dataProviderTest" name="getDataFromArray" time="0.001"/>
  <testcase classname="MichaelSeleniumAutomation.ExtractDataFromExcel.dataProviderTest" name="getDataFromArray" time="0.0"/>
  <testcase classname="MichaelSeleniumAutomation.ExtractDataFromExcel.dataProviderTest" name="getDataFromArray" time="0.0"/>
  <testcase classname="MichaelSeleniumAutomation.ExtractDataFromExcel.dataProviderTest" name="getDataFromArray" time="0.0"/>
  <testcase classname="MichaelSeleniumAutomation.ExtractDataFromExcel.dataProviderTest" name="getDataFromArray" time="0.001"/>
  <testcase classname="MichaelSeleniumAutomation.ExtractDataFromExcel.dataProviderTest" name="getDataFromArray" time="0.001"/>
  <testcase classname="MichaelSeleniumAutomation.ExtractDataFromExcel.dataProviderTest" name="getDataFromArray" time="0.001"/>
  <testcase classname="MichaelSeleniumAutomation.ExtractDataFromExcel.dataProviderTest" name="getDataFromArray" time="0.001"/>
  <testcase classname="MichaelSeleniumAutomation.ExtractDataFromExcel.dataProviderTest" name="getDataFromArray" time="0.0"/>
  <testcase classname="MichaelSeleniumAutomation.ExtractDataFromExcel.dataProviderTest" name="getDataFromArray" time="0.0"/>
  <testcase classname="MichaelSeleniumAutomation.ExtractDataFromExcel.dataProviderTest" name="getDataFromArray" time="0.001"/>
  <testcase classname="MichaelSeleniumAutomation.ExtractDataFromExcel.dataProviderTest" name="getDataFromArray" time="0.0"/>
  <testcase classname="MichaelSeleniumAutomation.ExtractDataFromExcel.dataProviderTest" name="getDataFromArray" time="0.0"/>
  <testcase classname="MichaelSeleniumAutomation.ExtractDataFromExcel.dataProviderTest" name="getDataFromArray" time="0.0"/>
  <testcase classname="MichaelSeleniumAutomation.ExtractDataFromExcel.dataProviderTest" name="getDataFromArray" time="0.0"/>
  <testcase classname="MichaelSeleniumAutomation.ExtractDataFromExcel.dataProviderTest" name="getDataFromArray" time="0.001"/>
  <testcase classname="MichaelSeleniumAutomation.ExtractDataFromExcel.dataProviderTest" name="getDataFromArray" time="0.001"/>
  <testcase classname="MichaelSeleniumAutomation.ExtractDataFromExcel.dataProviderTest" name="getDataFromArray" time="0.0"/>
  <testcase classname="MichaelSeleniumAutomation.ExtractDataFromExcel.dataProviderTest" name="getDataFromArray" time="0.0"/>
  <testcase classname="MichaelSeleniumAutomation.ExtractDataFromExcel.dataProviderTest" name="getDataFromArray" time="0.0"/>
  <testcase classname="MichaelSeleniumAutomation.ExtractDataFromExcel.dataProviderTest" name="getDataFromArray" time="0.0"/>
  <testcase classname="MichaelSeleniumAutomation.ExtractDataFromExcel.dataProviderTest" name="getDataFromArray" time="0.0"/>
  <testcase classname="MichaelSeleniumAutomation.ExtractDataFromExcel.dataProviderTest" name="getDataFromArray" time="0.0"/>
  <testcase classname="MichaelSeleniumAutomation.ExtractDataFromExcel.dataProviderTest" name="getDataFromArray" time="0.001"/>
  <testcase classname="MichaelSeleniumAutomation.ExtractDataFromExcel.dataProviderTest" name="getDataFromArray" time="0.0"/>
  <testcase classname="MichaelSeleniumAutomation.ExtractDataFromExcel.dataProviderTest" name="getDataFromArray" time="0.001"/>
  <testcase classname="MichaelSeleniumAutomation.ExtractDataFromExcel.dataProviderTest" name="getDataFromArray" time="0.0"/>
  <testcase classname="MichaelSeleniumAutomation.ExtractDataFromExcel.dataProviderTest" name="getDataFromArray" time="0.0"/>
  <testcase classname="MichaelSeleniumAutomation.ExtractDataFromExcel.dataProviderTest" name="getDataFromArray" time="0.001"/>
  <testcase classname="MichaelSeleniumAutomation.ExtractDataFromExcel.dataProviderTest" name="getDataFromArray" time="0.0"/>
  <testcase classname="MichaelSeleniumAutomation.ExtractDataFromExcel.dataProviderTest" name="getDataFromArray" time="0.0"/>
  <testcase classname="MichaelSeleniumAutomation.ExtractDataFromExcel.dataProviderTest" name="getDataFromArray" time="0.001"/>
  <testcase classname="MichaelSeleniumAutomation.ExtractDataFromExcel.dataProviderTest" name="getDataFromArray" time="0.0"/>
  <testcase classname="MichaelSeleniumAutomation.ExtractDataFromExcel.dataProviderTest" name="getDataFromArray" time="0.001"/>
  <testcase classname="MichaelSeleniumAutomation.ExtractDataFromExcel.dataProviderTest" name="getDataFromArray" time="0.0"/>
  <testcase classname="MichaelSeleniumAutomation.ExtractDataFromExcel.dataProviderTest" name="getDataFromArray" time="0.0"/>
  <testcase classname="MichaelSeleniumAutomation.ExtractDataFromExcel.dataProviderTest" name="getDataFromArray" time="0.0"/>
  <testcase classname="MichaelSeleniumAutomation.ExtractDataFromExcel.dataProviderTest" name="getDataFromArray" time="0.0"/>
  <testcase classname="MichaelSeleniumAutomation.ExtractDataFromExcel.dataProviderTest" name="getDataFromArray" time="0.0"/>
  <testcase classname="MichaelSeleniumAutomation.ExtractDataFromExcel.dataProviderTest" name="getDataFromArray" time="0.0"/>
  <testcase classname="MichaelSeleniumAutomation.ExtractDataFromExcel.dataProviderTest" name="getDataFromArray" time="0.001"/>
  <testcase classname="MichaelSeleniumAutomation.ExtractDataFromExcel.dataProviderTest" name="getDataFromArray" time="0.0"/>
  <testcase classname="MichaelSeleniumAutomation.ExtractDataFromExcel.dataProviderTest" name="getDataFromArray" time="0.0"/>
  <testcase classname="MichaelSeleniumAutomation.ExtractDataFromExcel.dataProviderTest" name="getDataFromArray" time="0.0"/>
  <testcase classname="MichaelSeleniumAutomation.ExtractDataFromExcel.dataProviderTest" name="getDataFromArray" time="0.0"/>
  <testcase classname="MichaelSeleniumAutomation.ExtractDataFromExcel.dataProviderTest" name="getDataFromArray" time="0.0"/>
  <testcase classname="MichaelSeleniumAutomation.ExtractDataFromExcel.dataProviderTest" name="getDataFromArray" time="0.0"/>
  <testcase classname="MichaelSeleniumAutomation.ExtractDataFromExcel.dataProviderTest" name="getDataFromArray" time="0.0"/>
  <testcase classname="MichaelSeleniumAutomation.ExtractDataFromExcel.dataProviderTest" name="getDataFromArray" time="0.0"/>
  <testcase classname="MichaelSeleniumAutomation.ExtractDataFromExcel.dataProviderTest" name="getDataFromArray" time="0.0"/>
  <testcase classname="MichaelSeleniumAutomation.ExtractDataFromExcel.dataProviderTest" name="getDataFromArray" time="0.001"/>
  <testcase classname="MichaelSeleniumAutomation.ExtractDataFromExcel.dataProviderTest" name="getDataFromArray" time="0.0"/>
  <testcase classname="MichaelSeleniumAutomation.ExtractDataFromExcel.dataProviderTest" name="getDataFromArray" time="0.001"/>
  <testcase classname="MichaelSeleniumAutomation.ExtractDataFromExcel.dataProviderTest" name="getDataFromArray" time="0.0"/>
  <testcase classname="MichaelSeleniumAutomation.ExtractDataFromExcel.dataProviderTest" name="getDataFromArray" time="0.001"/>
  <testcase classname="MichaelSeleniumAutomation.ExtractDataFromExcel.dataProviderTest" name="getDataFromArray" time="0.0"/>
  <testcase classname="MichaelSeleniumAutomation.ExtractDataFromExcel.dataProviderTest" name="getDataFromArray" time="0.0"/>
  <testcase classname="MichaelSeleniumAutomation.ExtractDataFromExcel.dataProviderTest" name="getDataFromArray" time="0.0"/>
  <testcase classname="MichaelSeleniumAutomation.ExtractDataFromExcel.dataProviderTest" name="getDataFromArray" time="0.0"/>
  <testcase classname="MichaelSeleniumAutomation.ExtractDataFromExcel.dataProviderTest" name="getDataFromArray" time="0.0"/>
  <testcase classname="MichaelSeleniumAutomation.ExtractDataFromExcel.dataProviderTest" name="getDataFromArray" time="0.0"/>
  <testcase classname="MichaelSeleniumAutomation.ExtractDataFromExcel.dataProviderTest" name="getDataFromArray" time="0.0"/>
  <testcase classname="MichaelSeleniumAutomation.ExtractDataFromExcel.dataProviderTest" name="getDataFromArray" time="0.0"/>
  <testcase classname="MichaelSeleniumAutomation.ExtractDataFromExcel.dataProviderTest" name="getDataFromArray" time="0.001"/>
  <testcase classname="MichaelSeleniumAutomation.ExtractDataFromExcel.dataProviderTest" name="getDataFromArray" time="0.0"/>
  <testcase classname="MichaelSeleniumAutomation.ExtractDataFromExcel.dataProviderTest" name="getDataFromArray" time="0.0"/>
  <testcase classname="MichaelSeleniumAutomation.ExtractDataFromExcel.dataProviderTest" name="getDataFromArray" time="0.0"/>
  <testcase classname="MichaelSeleniumAutomation.ExtractDataFromExcel.dataProviderTest" name="getDataFromArray" time="0.0"/>
  <testcase classname="MichaelSeleniumAutomation.ExtractDataFromExcel.dataProviderTest" name="getDataFromArray" time="0.0"/>
  <testcase classname="MichaelSeleniumAutomation.ExtractDataFromExcel.dataProviderTest" name="getDataFromArray" time="0.001"/>
  <testcase classname="MichaelSeleniumAutomation.ExtractDataFromExcel.dataProviderTest" name="getDataFromArray" time="0.0"/>
  <testcase classname="MichaelSeleniumAutomation.ExtractDataFromExcel.dataProviderTest" name="getDataFromArray" time="0.0"/>
  <testcase classname="MichaelSeleniumAutomation.ExtractDataFromExcel.dataProviderTest" name="getDataFromArray" time="0.001"/>
  <testcase classname="MichaelSeleniumAutomation.ExtractDataFromExcel.dataProviderTest" name="getDataFromArray" time="0.0"/>
  <testcase classname="MichaelSeleniumAutomation.ExtractDataFromExcel.dataProviderTest" name="getDataFromArray" time="0.001"/>
  <testcase classname="MichaelSeleniumAutomation.ExtractDataFromExcel.dataProviderTest" name="getDataFromArray" time="0.0"/>
  <testcase classname="MichaelSeleniumAutomation.ExtractDataFromExcel.dataProviderTest" name="getDataFromArray" time="0.0"/>
  <testcase classname="MichaelSeleniumAutomation.ExtractDataFromExcel.dataProviderTest" name="getDataFromArray" time="0.001"/>
  <testcase classname="MichaelSeleniumAutomation.ExtractDataFromExcel.dataProviderTest" name="getDataFromArray" time="0.0"/>
  <testcase classname="MichaelSeleniumAutomation.ExtractDataFromExcel.dataProviderTest" name="getDataFromArray" time="0.001"/>
  <testcase classname="MichaelSeleniumAutomation.ExtractDataFromExcel.dataProviderTest" name="getDataFromArray" time="0.0"/>
  <testcase classname="MichaelSeleniumAutomation.ExtractDataFromExcel.dataProviderTest" name="getDataFromArray" time="0.001"/>
  <testcase classname="MichaelSeleniumAutomation.ExtractDataFromExcel.dataProviderTest" name="getDataFromArray" time="0.0"/>
  <testcase classname="MichaelSeleniumAutomation.ExtractDataFromExcel.dataProviderTest" name="getDataFromArray" time="0.001"/>
  <testcase classname="MichaelSeleniumAutomation.ExtractDataFromExcel.dataProviderTest" name="getDataFromArray" time="0.0"/>
  <testcase classname="MichaelSeleniumAutomation.ExtractDataFromExcel.dataProviderTest" name="getDataFromArray" time="0.0"/>
  <testcase classname="MichaelSeleniumAutomation.ExtractDataFromExcel.dataProviderTest" name="getDataFromArray" time="0.0"/>
  <testcase classname="MichaelSeleniumAutomation.ExtractDataFromExcel.dataProviderTest" name="getDataFromArray" time="0.0"/>
  <testcase classname="MichaelSeleniumAutomation.ExtractDataFromExcel.dataProviderTest" name="getDataFromArray" time="0.0"/>
  <testcase classname="MichaelSeleniumAutomation.ExtractDataFromExcel.dataProviderTest" name="getDataFromArray" time="0.0"/>
  <testcase classname="MichaelSeleniumAutomation.ExtractDataFromExcel.dataProviderTest" name="getDataFromArray" time="0.0"/>
  <testcase classname="MichaelSeleniumAutomation.ExtractDataFromExcel.dataProviderTest" name="getDataFromArray" time="0.0"/>
  <testcase classname="MichaelSeleniumAutomation.ExtractDataFromExcel.dataProviderTest" name="getDataFromArray" time="0.0"/>
  <testcase classname="MichaelSeleniumAutomation.ExtractDataFromExcel.dataProviderTest" name="getDataFromArray" time="0.001"/>
  <testcase classname="MichaelSeleniumAutomation.ExtractDataFromExcel.dataProviderTest" name="getDataFromArray" time="0.0"/>
  <testcase classname="MichaelSeleniumAutomation.ExtractDataFromExcel.dataProviderTest" name="getDataFromArray" time="0.0"/>
  <testcase classname="MichaelSeleniumAutomation.ExtractDataFromExcel.dataProviderTest" name="getDataFromArray" time="0.0"/>
  <testcase classname="MichaelSeleniumAutomation.ExtractDataFromExcel.dataProviderTest" name="getDataFromArray" time="0.0"/>
  <testcase classname="MichaelSeleniumAutomation.ExtractDataFromExcel.dataProviderTest" name="getDataFromArray" time="0.0"/>
  <testcase classname="MichaelSeleniumAutomation.ExtractDataFromExcel.dataProviderTest" name="getDataFromArray" time="0.0"/>
  <testcase classname="MichaelSeleniumAutomation.ExtractDataFromExcel.dataProviderTest" name="getDataFromArray" time="0.0"/>
  <testcase classname="MichaelSeleniumAutomation.ExtractDataFromExcel.dataProviderTest" name="getDataFromArray" time="0.0"/>
  <testcase classname="MichaelSeleniumAutomation.ExtractDataFromExcel.dataProviderTest" name="getDataFromArray" time="0.0"/>
  <testcase classname="MichaelSeleniumAutomation.ExtractDataFromExcel.dataProviderTest" name="getDataFromArray" time="0.0"/>
  <testcase classname="MichaelSeleniumAutomation.ExtractDataFromExcel.dataProviderTest" name="getDataFromArray" time="0.0"/>
  <testcase classname="MichaelSeleniumAutomation.ExtractDataFromExcel.dataProviderTest" name="getDataFromArray" time="0.0"/>
  <testcase classname="MichaelSeleniumAutomation.ExtractDataFromExcel.dataProviderTest" name="getDataFromArray" time="0.0"/>
  <testcase classname="MichaelSeleniumAutomation.ExtractDataFromExcel.dataProviderTest" name="getDataFromArray" time="0.001"/>
  <testcase classname="MichaelSeleniumAutomation.ExtractDataFromExcel.dataProviderTest" name="getDataFromArray" time="0.0"/>
  <testcase classname="MichaelSeleniumAutomation.ExtractDataFromExcel.dataProviderTest" name="getDataFromArray" time="0.0"/>
  <testcase classname="MichaelSeleniumAutomation.ExtractDataFromExcel.dataProviderTest" name="getDataFromArray" time="0.001"/>
  <testcase classname="MichaelSeleniumAutomation.ExtractDataFromExcel.dataProviderTest" name="getDataFromArray" time="0.001"/>
  <testcase classname="MichaelSeleniumAutomation.ExtractDataFromExcel.dataProviderTest" name="getDataFromArray" time="0.0"/>
  <testcase classname="MichaelSeleniumAutomation.ExtractDataFromExcel.dataProviderTest" name="getDataFromArray" time="0.0"/>
  <testcase classname="MichaelSeleniumAutomation.ExtractDataFromExcel.dataProviderTest" name="getDataFromArray" time="0.001"/>
  <testcase classname="MichaelSeleniumAutomation.ExtractDataFromExcel.dataProviderTest" name="getDataFromArray" time="0.0"/>
  <testcase classname="MichaelSeleniumAutomation.ExtractDataFromExcel.dataProviderTest" name="getDataFromArray" time="0.0"/>
  <testcase classname="MichaelSeleniumAutomation.ExtractDataFromExcel.dataProviderTest" name="getDataFromArray" time="0.0"/>
  <testcase classname="MichaelSeleniumAutomation.ExtractDataFromExcel.dataProviderTest" name="getDataFromArray" time="0.0"/>
  <testcase classname="MichaelSeleniumAutomation.ExtractDataFromExcel.dataProviderTest" name="getDataFromArray" time="0.0"/>
  <testcase classname="MichaelSeleniumAutomation.ExtractDataFromExcel.dataProviderTest" name="getDataFromArray" time="0.0"/>
  <testcase classname="MichaelSeleniumAutomation.ExtractDataFromExcel.dataProviderTest" name="getDataFromArray" time="0.0"/>
  <testcase classname="MichaelSeleniumAutomation.ExtractDataFromExcel.dataProviderTest" name="getDataFromArray" time="0.001"/>
  <testcase classname="MichaelSeleniumAutomation.ExtractDataFromExcel.dataProviderTest" name="getDataFromArray" time="0.001"/>
  <testcase classname="MichaelSeleniumAutomation.ExtractDataFromExcel.dataProviderTest" name="getDataFromArray" time="0.001"/>
  <testcase classname="MichaelSeleniumAutomation.ExtractDataFromExcel.dataProviderTest" name="getDataFromArray" time="0.0"/>
  <testcase classname="MichaelSeleniumAutomation.ExtractDataFromExcel.dataProviderTest" name="getDataFromArray" time="0.001"/>
  <testcase classname="MichaelSeleniumAutomation.ExtractDataFromExcel.dataProviderTest" name="getDataFromArray" time="0.0"/>
  <testcase classname="MichaelSeleniumAutomation.ExtractDataFromExcel.dataProviderTest" name="getDataFromArray" time="0.0"/>
  <testcase classname="MichaelSeleniumAutomation.ExtractDataFromExcel.dataProviderTest" name="getDataFromArray" time="0.001"/>
  <testcase classname="MichaelSeleniumAutomation.ExtractDataFromExcel.dataProviderTest" name="getDataFromArray" time="0.001"/>
  <testcase classname="MichaelSeleniumAutomation.ExtractDataFromExcel.dataProviderTest" name="getDataFromArray" time="0.0"/>
  <testcase classname="MichaelSeleniumAutomation.ExtractDataFromExcel.dataProviderTest" name="getDataFromArray" time="0.001"/>
  <testcase classname="MichaelSeleniumAutomation.ExtractDataFromExcel.dataProviderTest" name="getDataFromArray" time="0.0"/>
  <testcase classname="MichaelSeleniumAutomation.ExtractDataFromExcel.dataProviderTest" name="getDataFromArray" time="0.0"/>
  <testcase classname="MichaelSeleniumAutomation.ExtractDataFromExcel.dataProviderTest" name="getDataFromArray" time="0.001"/>
  <testcase classname="MichaelSeleniumAutomation.ExtractDataFromExcel.dataProviderTest" name="getDataFromArray" time="0.0"/>
  <testcase classname="MichaelSeleniumAutomation.ExtractDataFromExcel.dataProviderTest" name="getDataFromArray" time="0.0"/>
  <testcase classname="MichaelSeleniumAutomation.ExtractDataFromExcel.dataProviderTest" name="getDataFromArray" time="0.0"/>
  <testcase classname="MichaelSeleniumAutomation.ExtractDataFromExcel.dataProviderTest" name="getDataFromArray" time="0.001"/>
  <testcase classname="MichaelSeleniumAutomation.ExtractDataFromExcel.dataProviderTest" name="getDataFromArray" time="0.001"/>
  <testcase classname="MichaelSeleniumAutomation.ExtractDataFromExcel.dataProviderTest" name="getDataFromArray" time="0.001"/>
  <testcase classname="MichaelSeleniumAutomation.ExtractDataFromExcel.dataProviderTest" name="getDataFromArray" time="0.0"/>
  <testcase classname="MichaelSeleniumAutomation.ExtractDataFromExcel.dataProviderTest" name="getDataFromArray" time="0.0"/>
  <testcase classname="MichaelSeleniumAutomation.ExtractDataFromExcel.dataProviderTest" name="getDataFromArray" time="0.001"/>
  <testcase classname="MichaelSeleniumAutomation.ExtractDataFromExcel.dataProviderTest" name="getDataFromArray" time="0.001"/>
  <testcase classname="MichaelSeleniumAutomation.ExtractDataFromExcel.dataProviderTest" name="getDataFromArray" time="0.001"/>
  <testcase classname="MichaelSeleniumAutomation.ExtractDataFromExcel.dataProviderTest" name="getDataFromArray" time="0.0"/>
  <testcase classname="MichaelSeleniumAutomation.ExtractDataFromExcel.dataProviderTest" name="getDataFromArray" time="0.0"/>
  <testcase classname="MichaelSeleniumAutomation.ExtractDataFromExcel.dataProviderTest" name="getDataFromArray" time="0.001"/>
  <testcase classname="MichaelSeleniumAutomation.ExtractDataFromExcel.dataProviderTest" name="getDataFromArray" time="0.001"/>
  <testcase classname="MichaelSeleniumAutomation.ExtractDataFromExcel.dataProviderTest" name="getDataFromArray" time="0.001"/>
  <testcase classname="MichaelSeleniumAutomation.ExtractDataFromExcel.dataProviderTest" name="getDataFromArray" time="0.001"/>
  <testcase classname="MichaelSeleniumAutomation.ExtractDataFromExcel.dataProviderTest" name="getDataFromArray" time="0.001"/>
  <testcase classname="MichaelSeleniumAutomation.ExtractDataFromExcel.dataProviderTest" name="getDataFromArray" time="0.001"/>
  <testcase classname="MichaelSeleniumAutomation.ExtractDataFromExcel.dataProviderTest" name="getDataFromArray" time="0.0"/>
  <testcase classname="MichaelSeleniumAutomation.ExtractDataFromExcel.dataProviderTest" name="getDataFromArray" time="0.0"/>
  <testcase classname="MichaelSeleniumAutomation.ExtractDataFromExcel.dataProviderTest" name="getDataFromArray" time="0.0"/>
  <testcase classname="MichaelSeleniumAutomation.ExtractDataFromExcel.dataProviderTest" name="getDataFromArray" time="0.0"/>
  <testcase classname="MichaelSeleniumAutomation.ExtractDataFromExcel.dataProviderTest" name="getDataFromArray" time="0.0"/>
  <testcase classname="MichaelSeleniumAutomation.ExtractDataFromExcel.dataProviderTest" name="getDataFromArray" time="0.001"/>
  <testcase classname="MichaelSeleniumAutomation.ExtractDataFromExcel.dataProviderTest" name="getDataFromArray" time="0.0"/>
  <testcase classname="MichaelSeleniumAutomation.ExtractDataFromExcel.dataProviderTest" name="getDataFromArray" time="0.0"/>
  <testcase classname="MichaelSeleniumAutomation.ExtractDataFromExcel.dataProviderTest" name="getDataFromArray" time="0.0"/>
  <testcase classname="MichaelSeleniumAutomation.ExtractDataFromExcel.dataProviderTest" name="getDataFromArray" time="0.001"/>
  <testcase classname="MichaelSeleniumAutomation.ExtractDataFromExcel.dataProviderTest" name="getDataFromArray" time="0.001"/>
  <testcase classname="MichaelSeleniumAutomation.ExtractDataFromExcel.dataProviderTest" name="getDataFromArray" time="0.001"/>
  <testcase classname="MichaelSeleniumAutomation.ExtractDataFromExcel.dataProviderTest" name="getDataFromArray" time="0.001"/>
  <testcase classname="MichaelSeleniumAutomation.ExtractDataFromExcel.dataProviderTest" name="getDataFromArray" time="0.001"/>
  <testcase classname="MichaelSeleniumAutomation.ExtractDataFromExcel.dataProviderTest" name="getDataFromArray" time="0.0"/>
  <testcase classname="MichaelSeleniumAutomation.ExtractDataFromExcel.dataProviderTest" name="getDataFromArray" time="0.0"/>
  <testcase classname="MichaelSeleniumAutomation.ExtractDataFromExcel.dataProviderTest" name="getDataFromArray" time="0.001"/>
  <testcase classname="MichaelSeleniumAutomation.ExtractDataFromExcel.dataProviderTest" name="getDataFromArray" time="0.001"/>
  <testcase classname="MichaelSeleniumAutomation.ExtractDataFromExcel.dataProviderTest" name="getDataFromArray" time="0.0"/>
  <testcase classname="MichaelSeleniumAutomation.ExtractDataFromExcel.dataProviderTest" name="getDataFromArray" time="0.0"/>
  <testcase classname="MichaelSeleniumAutomation.ExtractDataFromExcel.dataProviderTest" name="getDataFromArray" time="0.001"/>
  <testcase classname="MichaelSeleniumAutomation.ExtractDataFromExcel.dataProviderTest" name="getDataFromArray" time="0.001"/>
  <testcase classname="MichaelSeleniumAutomation.ExtractDataFromExcel.dataProviderTest" name="getDataFromArray" time="0.0"/>
  <testcase classname="MichaelSeleniumAutomation.ExtractDataFromExcel.dataProviderTest" name="getDataFromArray" time="0.001"/>
  <testcase classname="MichaelSeleniumAutomation.ExtractDataFromExcel.dataProviderTest" name="getDataFromArray" time="0.001"/>
  <testcase classname="MichaelSeleniumAutomation.ExtractDataFromExcel.dataProviderTest" name="getDataFromArray" time="0.001"/>
  <testcase classname="MichaelSeleniumAutomation.ExtractDataFromExcel.dataProviderTest" name="getDataFromArray" time="0.001"/>
  <testcase classname="MichaelSeleniumAutomation.ExtractDataFromExcel.dataProviderTest" name="getDataFromArray" time="0.001"/>
  <testcase classname="MichaelSeleniumAutomation.ExtractDataFromExcel.dataProviderTest" name="getDataFromArray" time="0.001"/>
  <testcase classname="MichaelSeleniumAutomation.ExtractDataFromExcel.dataProviderTest" name="getDataFromArray" time="0.0"/>
  <testcase classname="MichaelSeleniumAutomation.ExtractDataFromExcel.dataProviderTest" name="getDataFromArray" time="0.0"/>
  <testcase classname="MichaelSeleniumAutomation.ExtractDataFromExcel.dataProviderTest" name="getDataFromArray" time="0.001"/>
  <testcase classname="MichaelSeleniumAutomation.ExtractDataFromExcel.dataProviderTest" name="getDataFromArray" time="0.0"/>
  <testcase classname="MichaelSeleniumAutomation.ExtractDataFromExcel.dataProviderTest" name="getDataFromArray" time="0.0"/>
  <testcase classname="MichaelSeleniumAutomation.ExtractDataFromExcel.dataProviderTest" name="getDataFromArray" time="0.001"/>
  <testcase classname="MichaelSeleniumAutomation.ExtractDataFromExcel.dataProviderTest" name="getDataFromArray" time="0.0"/>
  <testcase classname="MichaelSeleniumAutomation.ExtractDataFromExcel.dataProviderTest" name="getDataFromArray" time="0.0"/>
  <testcase classname="MichaelSeleniumAutomation.ExtractDataFromExcel.dataProviderTest" name="getDataFromArray" time="0.0"/>
  <testcase classname="MichaelSeleniumAutomation.ExtractDataFromExcel.dataProviderTest" name="getDataFromArray" time="0.001"/>
  <testcase classname="MichaelSeleniumAutomation.ExtractDataFromExcel.dataProviderTest" name="getDataFromArray" time="0.0"/>
  <testcase classname="MichaelSeleniumAutomation.ExtractDataFromExcel.dataProviderTest" name="getDataFromArray" time="0.0"/>
  <testcase classname="MichaelSeleniumAutomation.ExtractDataFromExcel.dataProviderTest" name="getDataFromArray" time="0.001"/>
  <testcase classname="MichaelSeleniumAutomation.ExtractDataFromExcel.dataProviderTest" name="getDataFromArray" time="0.001"/>
  <testcase classname="MichaelSeleniumAutomation.ExtractDataFromExcel.dataProviderTest" name="getDataFromArray" time="0.001"/>
  <testcase classname="MichaelSeleniumAutomation.ExtractDataFromExcel.dataProviderTest" name="getDataFromArray" time="0.001"/>
  <testcase classname="MichaelSeleniumAutomation.ExtractDataFromExcel.dataProviderTest" name="getDataFromArray" time="0.0"/>
  <testcase classname="MichaelSeleniumAutomation.ExtractDataFromExcel.dataProviderTest" name="getDataFromArray" time="0.0"/>
  <testcase classname="MichaelSeleniumAutomation.ExtractDataFromExcel.dataProviderTest" name="getDataFromArray" time="0.0"/>
  <testcase classname="MichaelSeleniumAutomation.ExtractDataFromExcel.dataProviderTest" name="getDataFromArray" time="0.0"/>
  <testcase classname="MichaelSeleniumAutomation.ExtractDataFromExcel.dataProviderTest" name="getDataFromArray" time="0.0"/>
  <testcase classname="MichaelSeleniumAutomation.ExtractDataFromExcel.dataProviderTest" name="getDataFromArray" time="0.0"/>
  <testcase classname="MichaelSeleniumAutomation.ExtractDataFromExcel.dataProviderTest" name="getDataFromArray" time="0.0"/>
  <testcase classname="MichaelSeleniumAutomation.ExtractDataFromExcel.dataProviderTest" name="getDataFromArray" time="0.0"/>
  <testcase classname="MichaelSeleniumAutomation.ExtractDataFromExcel.dataProviderTest" name="getDataFromArray" time="0.0"/>
  <testcase classname="MichaelSeleniumAutomation.ExtractDataFromExcel.dataProviderTest" name="getDataFromArray" time="0.001"/>
  <testcase classname="MichaelSeleniumAutomation.ExtractDataFromExcel.dataProviderTest" name="getDataFromArray" time="0.001"/>
  <testcase classname="MichaelSeleniumAutomation.ExtractDataFromExcel.dataProviderTest" name="getDataFromArray" time="0.0"/>
  <testcase classname="MichaelSeleniumAutomation.ExtractDataFromExcel.dataProviderTest" name="getDataFromArray" time="0.0"/>
  <testcase classname="MichaelSeleniumAutomation.ExtractDataFromExcel.dataProviderTest" name="getDataFromArray" time="0.0"/>
  <testcase classname="MichaelSeleniumAutomation.ExtractDataFromExcel.dataProviderTest" name="getDataFromArray" time="0.0"/>
  <testcase classname="MichaelSeleniumAutomation.ExtractDataFromExcel.dataProviderTest" name="getDataFromArray" time="0.001"/>
  <testcase classname="MichaelSeleniumAutomation.ExtractDataFromExcel.dataProviderTest" name="getDataFromArray" time="0.0"/>
  <testcase classname="MichaelSeleniumAutomation.ExtractDataFromExcel.dataProviderTest" name="getDataFromArray" time="0.0"/>
  <testcase classname="MichaelSeleniumAutomation.ExtractDataFromExcel.dataProviderTest" name="getDataFromArray" time="0.001"/>
  <testcase classname="MichaelSeleniumAutomation.ExtractDataFromExcel.dataProviderTest" name="getDataFromArray" time="0.0"/>
  <testcase classname="MichaelSeleniumAutomation.ExtractDataFromExcel.dataProviderTest" name="getDataFromArray" time="0.0"/>
  <testcase classname="MichaelSeleniumAutomation.ExtractDataFromExcel.dataProviderTest" name="getDataFromArray" time="0.0"/>
  <testcase classname="MichaelSeleniumAutomation.ExtractDataFromExcel.dataProviderTest" name="getDataFromArray" time="0.0"/>
  <testcase classname="MichaelSeleniumAutomation.ExtractDataFromExcel.dataProviderTest" name="getDataFromArray" time="0.001"/>
  <testcase classname="MichaelSeleniumAutomation.ExtractDataFromExcel.dataProviderTest" name="getDataFromArray" time="0.001"/>
  <testcase classname="MichaelSeleniumAutomation.ExtractDataFromExcel.dataProviderTest" name="getDataFromArray" time="0.001"/>
  <testcase classname="MichaelSeleniumAutomation.ExtractDataFromExcel.dataProviderTest" name="getDataFromArray" time="0.0"/>
  <testcase classname="MichaelSeleniumAutomation.ExtractDataFromExcel.dataProviderTest" name="getDataFromArray" time="0.0"/>
  <testcase classname="MichaelSeleniumAutomation.ExtractDataFromExcel.dataProviderTest" name="getDataFromArray" time="0.001"/>
  <testcase classname="MichaelSeleniumAutomation.ExtractDataFromExcel.dataProviderTest" name="getDataFromArray" time="0.001"/>
  <testcase classname="MichaelSeleniumAutomation.ExtractDataFromExcel.dataProviderTest" name="getDataFromArray" time="0.0"/>
  <testcase classname="MichaelSeleniumAutomation.ExtractDataFromExcel.dataProviderTest" name="getDataFromArray" time="0.0"/>
  <testcase classname="MichaelSeleniumAutomation.ExtractDataFromExcel.dataProviderTest" name="getDataFromArray" time="0.001"/>
  <testcase classname="MichaelSeleniumAutomation.ExtractDataFromExcel.dataProviderTest" name="getDataFromArray" time="0.001"/>
  <testcase classname="MichaelSeleniumAutomation.ExtractDataFromExcel.dataProviderTest" name="getDataFromArray" time="0.001"/>
  <testcase classname="MichaelSeleniumAutomation.ExtractDataFromExcel.dataProviderTest" name="getDataFromArray" time="0.0"/>
  <testcase classname="MichaelSeleniumAutomation.ExtractDataFromExcel.dataProviderTest" name="getDataFromArray" time="0.001"/>
  <testcase classname="MichaelSeleniumAutomation.ExtractDataFromExcel.dataProviderTest" name="getDataFromArray" time="0.001"/>
  <testcase classname="MichaelSeleniumAutomation.ExtractDataFromExcel.dataProviderTest" name="getDataFromArray" time="0.0"/>
  <testcase classname="MichaelSeleniumAutomation.ExtractDataFromExcel.dataProviderTest" name="getDataFromArray" time="0.001"/>
  <testcase classname="MichaelSeleniumAutomation.ExtractDataFromExcel.dataProviderTest" name="getDataFromArray" time="0.001"/>
  <testcase classname="MichaelSeleniumAutomation.ExtractDataFromExcel.dataProviderTest" name="getDataFromArray" time="0.0"/>
  <testcase classname="MichaelSeleniumAutomation.ExtractDataFromExcel.dataProviderTest" name="getDataFromArray" time="0.0"/>
  <testcase classname="MichaelSeleniumAutomation.ExtractDataFromExcel.dataProviderTest" name="getDataFromArray" time="0.001"/>
  <testcase classname="MichaelSeleniumAutomation.ExtractDataFromExcel.dataProviderTest" name="getDataFromArray" time="0.001"/>
  <testcase classname="MichaelSeleniumAutomation.ExtractDataFromExcel.dataProviderTest" name="getDataFromArray" time="0.0"/>
  <testcase classname="MichaelSeleniumAutomation.ExtractDataFromExcel.dataProviderTest" name="getDataFromArray" time="0.0"/>
  <testcase classname="MichaelSeleniumAutomation.ExtractDataFromExcel.dataProviderTest" name="getDataFromArray" time="0.001"/>
  <testcase classname="MichaelSeleniumAutomation.ExtractDataFromExcel.dataProviderTest" name="getDataFromArray" time="0.001"/>
  <testcase classname="MichaelSeleniumAutomation.ExtractDataFromExcel.dataProviderTest" name="getDataFromArray" time="0.002"/>
  <testcase classname="MichaelSeleniumAutomation.ExtractDataFromExcel.dataProviderTest" name="getDataFromArray" time="0.001"/>
  <testcase classname="MichaelSeleniumAutomation.ExtractDataFromExcel.dataProviderTest" name="getDataFromArray" time="0.0"/>
  <testcase classname="MichaelSeleniumAutomation.ExtractDataFromExcel.dataProviderTest" name="getDataFromArray" time="0.0"/>
  <testcase classname="MichaelSeleniumAutomation.ExtractDataFromExcel.dataProviderTest" name="getDataFromArray" time="0.0"/>
  <testcase classname="MichaelSeleniumAutomation.ExtractDataFromExcel.dataProviderTest" name="getDataFromArray" time="0.0"/>
  <testcase classname="MichaelSeleniumAutomation.ExtractDataFromExcel.dataProviderTest" name="getDataFromArray" time="0.001"/>
  <testcase classname="MichaelSeleniumAutomation.ExtractDataFromExcel.dataProviderTest" name="getDataFromArray" time="0.0"/>
  <testcase classname="MichaelSeleniumAutomation.ExtractDataFromExcel.dataProviderTest" name="getDataFromArray" time="0.0"/>
  <testcase classname="MichaelSeleniumAutomation.ExtractDataFromExcel.dataProviderTest" name="getDataFromArray" time="0.001"/>
  <testcase classname="MichaelSeleniumAutomation.ExtractDataFromExcel.dataProviderTest" name="getDataFromArray" time="0.001"/>
  <testcase classname="MichaelSeleniumAutomation.ExtractDataFromExcel.dataProviderTest" name="getDataFromArray" time="0.0"/>
  <testcase classname="MichaelSeleniumAutomation.ExtractDataFromExcel.dataProviderTest" name="getDataFromArray" time="0.0"/>
  <testcase classname="MichaelSeleniumAutomation.ExtractDataFromExcel.dataProviderTest" name="getDataFromArray" time="0.0"/>
  <testcase classname="MichaelSeleniumAutomation.ExtractDataFromExcel.dataProviderTest" name="getDataFromArray" time="0.001"/>
  <testcase classname="MichaelSeleniumAutomation.ExtractDataFromExcel.dataProviderTest" name="getDataFromArray" time="0.001"/>
  <testcase classname="MichaelSeleniumAutomation.ExtractDataFromExcel.dataProviderTest" name="getDataFromArray" time="0.001"/>
  <testcase classname="MichaelSeleniumAutomation.ExtractDataFromExcel.dataProviderTest" name="getDataFromArray" time="0.001"/>
  <testcase classname="MichaelSeleniumAutomation.ExtractDataFromExcel.dataProviderTest" name="getDataFromArray" time="0.0"/>
  <testcase classname="MichaelSeleniumAutomation.ExtractDataFromExcel.dataProviderTest" name="getDataFromArray" time="0.0"/>
  <testcase classname="MichaelSeleniumAutomation.ExtractDataFromExcel.dataProviderTest" name="getDataFromArray" time="0.001"/>
  <testcase classname="MichaelSeleniumAutomation.ExtractDataFromExcel.dataProviderTest" name="getDataFromArray" time="0.001"/>
  <testcase classname="MichaelSeleniumAutomation.ExtractDataFromExcel.dataProviderTest" name="getDataFromArray" time="0.0"/>
  <testcase classname="MichaelSeleniumAutomation.ExtractDataFromExcel.dataProviderTest" name="getDataFromArray" time="0.0"/>
  <testcase classname="MichaelSeleniumAutomation.ExtractDataFromExcel.dataProviderTest" name="getDataFromArray" time="0.0"/>
  <testcase classname="MichaelSeleniumAutomation.ExtractDataFromExcel.dataProviderTest" name="getDataFromArray" time="0.001"/>
  <testcase classname="MichaelSeleniumAutomation.ExtractDataFromExcel.dataProviderTest" name="getDataFromArray" time="0.001"/>
  <testcase classname="MichaelSeleniumAutomation.ExtractDataFromExcel.dataProviderTest" name="getDataFromArray" time="0.001"/>
  <testcase classname="MichaelSeleniumAutomation.ExtractDataFromExcel.dataProviderTest" name="getDataFromArray" time="0.0"/>
  <testcase classname="MichaelSeleniumAutomation.ExtractDataFromExcel.dataProviderTest" name="getDataFromArray" time="0.001"/>
  <testcase classname="MichaelSeleniumAutomation.ExtractDataFromExcel.dataProviderTest" name="getDataFromArray" time="0.0"/>
  <testcase classname="MichaelSeleniumAutomation.ExtractDataFromExcel.dataProviderTest" name="getDataFromArray" time="0.0"/>
  <testcase classname="MichaelSeleniumAutomation.ExtractDataFromExcel.dataProviderTest" name="getDataFromArray" time="0.001"/>
  <testcase classname="MichaelSeleniumAutomation.ExtractDataFromExcel.dataProviderTest" name="getDataFromArray" time="0.001"/>
  <testcase classname="MichaelSeleniumAutomation.ExtractDataFromExcel.dataProviderTest" name="getDataFromArray" time="0.001"/>
  <testcase classname="MichaelSeleniumAutomation.ExtractDataFromExcel.dataProviderTest" name="getDataFromArray" time="0.0"/>
  <testcase classname="MichaelSeleniumAutomation.ExtractDataFromExcel.dataProviderTest" name="getDataFromArray" time="0.0"/>
  <testcase classname="MichaelSeleniumAutomation.ExtractDataFromExcel.dataProviderTest" name="getDataFromArray" time="0.001"/>
  <testcase classname="MichaelSeleniumAutomation.ExtractDataFromExcel.dataProviderTest" name="getDataFromArray" time="0.0"/>
  <testcase classname="MichaelSeleniumAutomation.ExtractDataFromExcel.dataProviderTest" name="getDataFromArray" time="0.0"/>
  <testcase classname="MichaelSeleniumAutomation.ExtractDataFromExcel.dataProviderTest" name="getDataFromArray" time="0.0"/>
  <testcase classname="MichaelSeleniumAutomation.ExtractDataFromExcel.dataProviderTest" name="getDataFromArray" time="0.001"/>
  <testcase classname="MichaelSeleniumAutomation.ExtractDataFromExcel.dataProviderTest" name="getDataFromArray" time="0.0"/>
  <testcase classname="MichaelSeleniumAutomation.ExtractDataFromExcel.dataProviderTest" name="getDataFromArray" time="0.0"/>
  <testcase classname="MichaelSeleniumAutomation.ExtractDataFromExcel.dataProviderTest" name="getDataFromArray" time="0.0"/>
  <testcase classname="MichaelSeleniumAutomation.ExtractDataFromExcel.dataProviderTest" name="getDataFromArray" time="0.001"/>
  <testcase classname="MichaelSeleniumAutomation.ExtractDataFromExcel.dataProviderTest" name="getDataFromArray" time="0.001"/>
  <testcase classname="MichaelSeleniumAutomation.ExtractDataFromExcel.dataProviderTest" name="getDataFromArray" time="0.001"/>
  <testcase classname="MichaelSeleniumAutomation.ExtractDataFromExcel.dataProviderTest" name="getDataFromArray" time="0.001"/>
  <testcase classname="MichaelSeleniumAutomation.ExtractDataFromExcel.dataProviderTest" name="getDataFromArray" time="0.001"/>
  <testcase classname="MichaelSeleniumAutomation.ExtractDataFromExcel.dataProviderTest" name="getDataFromArray" time="0.001"/>
  <testcase classname="MichaelSeleniumAutomation.ExtractDataFromExcel.dataProviderTest" name="getDataFromArray" time="0.0"/>
  <testcase classname="MichaelSeleniumAutomation.ExtractDataFromExcel.dataProviderTest" name="getDataFromArray" time="0.0"/>
  <testcase classname="MichaelSeleniumAutomation.ExtractDataFromExcel.dataProviderTest" name="getDataFromArray" time="0.0"/>
  <testcase classname="MichaelSeleniumAutomation.ExtractDataFromExcel.dataProviderTest" name="getDataFromArray" time="0.0"/>
  <testcase classname="MichaelSeleniumAutomation.ExtractDataFromExcel.dataProviderTest" name="getDataFromArray" time="0.0"/>
  <testcase classname="MichaelSeleniumAutomation.ExtractDataFromExcel.dataProviderTest" name="getDataFromArray" time="0.001"/>
  <testcase classname="MichaelSeleniumAutomation.ExtractDataFromExcel.dataProviderTest" name="getDataFromArray" time="0.0"/>
  <testcase classname="MichaelSeleniumAutomation.ExtractDataFromExcel.dataProviderTest" name="getDataFromArray" time="0.0"/>
  <testcase classname="MichaelSeleniumAutomation.ExtractDataFromExcel.dataProviderTest" name="getDataFromArray" time="0.001"/>
  <testcase classname="MichaelSeleniumAutomation.ExtractDataFromExcel.dataProviderTest" name="getDataFromArray" time="0.001"/>
  <testcase classname="MichaelSeleniumAutomation.ExtractDataFromExcel.dataProviderTest" name="getDataFromArray" time="0.0"/>
  <testcase classname="MichaelSeleniumAutomation.ExtractDataFromExcel.dataProviderTest" name="getDataFromArray" time="0.001"/>
  <testcase classname="MichaelSeleniumAutomation.ExtractDataFromExcel.dataProviderTest" name="getDataFromArray" time="0.0"/>
  <testcase classname="MichaelSeleniumAutomation.ExtractDataFromExcel.dataProviderTest" name="getDataFromArray" time="0.0"/>
  <testcase classname="MichaelSeleniumAutomation.ExtractDataFromExcel.dataProviderTest" name="getDataFromArray" time="0.0"/>
  <testcase classname="MichaelSeleniumAutomation.ExtractDataFromExcel.dataProviderTest" name="getDataFromArray" time="0.001"/>
  <testcase classname="MichaelSeleniumAutomation.ExtractDataFromExcel.dataProviderTest" name="getDataFromArray" time="0.0"/>
  <testcase classname="MichaelSeleniumAutomation.ExtractDataFromExcel.dataProviderTest" name="getDataFromArray" time="0.0"/>
  <testcase classname="MichaelSeleniumAutomation.ExtractDataFromExcel.dataProviderTest" name="getDataFromArray" time="0.001"/>
  <testcase classname="MichaelSeleniumAutomation.ExtractDataFromExcel.dataProviderTest" name="getDataFromArray" time="0.001"/>
  <testcase classname="MichaelSeleniumAutomation.ExtractDataFromExcel.dataProviderTest" name="getDataFromArray" time="0.0"/>
  <testcase classname="MichaelSeleniumAutomation.ExtractDataFromExcel.dataProviderTest" name="getDataFromArray" time="0.001"/>
  <testcase classname="MichaelSeleniumAutomation.ExtractDataFromExcel.dataProviderTest" name="getDataFromArray" time="0.0"/>
  <testcase classname="MichaelSeleniumAutomation.ExtractDataFromExcel.dataProviderTest" name="getDataFromArray" time="0.0"/>
  <testcase classname="MichaelSeleniumAutomation.ExtractDataFromExcel.dataProviderTest" name="getDataFromArray" time="0.0"/>
  <testcase classname="MichaelSeleniumAutomation.ExtractDataFromExcel.dataProviderTest" name="getDataFromArray" time="0.0"/>
  <testcase classname="MichaelSeleniumAutomation.ExtractDataFromExcel.dataProviderTest" name="getDataFromArray" time="0.0"/>
  <testcase classname="MichaelSeleniumAutomation.ExtractDataFromExcel.dataProviderTest" name="getDataFromArray" time="0.0"/>
  <testcase classname="MichaelSeleniumAutomation.ExtractDataFromExcel.dataProviderTest" name="getDataFromArray" time="0.001"/>
  <testcase classname="MichaelSeleniumAutomation.ExtractDataFromExcel.dataProviderTest" name="getDataFromArray" time="0.001"/>
  <testcase classname="MichaelSeleniumAutomation.ExtractDataFromExcel.dataProviderTest" name="getDataFromArray" time="0.0"/>
  <testcase classname="MichaelSeleniumAutomation.ExtractDataFromExcel.dataProviderTest" name="getDataFromArray" time="0.0"/>
  <testcase classname="MichaelSeleniumAutomation.ExtractDataFromExcel.dataProviderTest" name="getDataFromArray" time="0.001"/>
  <testcase classname="MichaelSeleniumAutomation.ExtractDataFromExcel.dataProviderTest" name="getDataFromArray" time="0.0"/>
  <testcase classname="MichaelSeleniumAutomation.ExtractDataFromExcel.dataProviderTest" name="getDataFromArray" time="0.0"/>
  <testcase classname="MichaelSeleniumAutomation.ExtractDataFromExcel.dataProviderTest" name="getDataFromArray" time="0.0"/>
  <testcase classname="MichaelSeleniumAutomation.ExtractDataFromExcel.dataProviderTest" name="getDataFromArray" time="0.0"/>
  <testcase classname="MichaelSeleniumAutomation.ExtractDataFromExcel.dataProviderTest" name="getDataFromArray" time="0.001"/>
  <testcase classname="MichaelSeleniumAutomation.ExtractDataFromExcel.dataProviderTest" name="getDataFromArray" time="0.0"/>
  <testcase classname="MichaelSeleniumAutomation.ExtractDataFromExcel.dataProviderTest" name="getDataFromArray" time="0.001"/>
  <testcase classname="MichaelSeleniumAutomation.ExtractDataFromExcel.dataProviderTest" name="getDataFromArray" time="0.001"/>
  <testcase classname="MichaelSeleniumAutomation.ExtractDataFromExcel.dataProviderTest" name="getDataFromArray" time="0.0"/>
  <testcase classname="MichaelSeleniumAutomation.ExtractDataFromExcel.dataProviderTest" name="getDataFromArray" time="0.0"/>
  <testcase classname="MichaelSeleniumAutomation.ExtractDataFromExcel.dataProviderTest" name="getDataFromArray" time="0.0"/>
  <testcase classname="MichaelSeleniumAutomation.ExtractDataFromExcel.dataProviderTest" name="getDataFromArray" time="0.001"/>
  <testcase classname="MichaelSeleniumAutomation.ExtractDataFromExcel.dataProviderTest" name="getDataFromArray" time="0.0"/>
  <testcase classname="MichaelSeleniumAutomation.ExtractDataFromExcel.dataProviderTest" name="getDataFromArray" time="0.0"/>
  <testcase classname="MichaelSeleniumAutomation.ExtractDataFromExcel.dataProviderTest" name="getDataFromArray" time="0.0"/>
  <testcase classname="MichaelSeleniumAutomation.ExtractDataFromExcel.dataProviderTest" name="getDataFromArray" time="0.0"/>
  <testcase classname="MichaelSeleniumAutomation.ExtractDataFromExcel.dataProviderTest" name="getDataFromArray" time="0.001"/>
  <testcase classname="MichaelSeleniumAutomation.ExtractDataFromExcel.dataProviderTest" name="getDataFromArray" time="0.0"/>
  <testcase classname="MichaelSeleniumAutomation.ExtractDataFromExcel.dataProviderTest" name="getDataFromArray" time="0.0"/>
  <testcase classname="MichaelSeleniumAutomation.ExtractDataFromExcel.dataProviderTest" name="getDataFromArray" time="0.0"/>
  <testcase classname="MichaelSeleniumAutomation.ExtractDataFromExcel.dataProviderTest" name="getDataFromArray" time="0.0"/>
  <testcase classname="MichaelSeleniumAutomation.ExtractDataFromExcel.dataProviderTest" name="getDataFromArray" time="0.001"/>
  <testcase classname="MichaelSeleniumAutomation.ExtractDataFromExcel.dataProviderTest" name="getDataFromArray" time="0.0"/>
  <testcase classname="MichaelSeleniumAutomation.ExtractDataFromExcel.dataProviderTest" name="getDataFromArray" time="0.0"/>
  <testcase classname="MichaelSeleniumAutomation.ExtractDataFromExcel.dataProviderTest" name="getDataFromArray" time="0.0"/>
  <testcase classname="MichaelSeleniumAutomation.ExtractDataFromExcel.dataProviderTest" name="getDataFromArray" time="0.0"/>
  <testcase classname="MichaelSeleniumAutomation.ExtractDataFromExcel.dataProviderTest" name="getDataFromArray" time="0.001"/>
  <testcase classname="MichaelSeleniumAutomation.ExtractDataFromExcel.dataProviderTest" name="getDataFromArray" time="0.001"/>
  <testcase classname="MichaelSeleniumAutomation.ExtractDataFromExcel.dataProviderTest" name="getDataFromArray" time="0.001"/>
  <testcase classname="MichaelSeleniumAutomation.ExtractDataFromExcel.dataProviderTest" name="getDataFromArray" time="0.0"/>
  <testcase classname="MichaelSeleniumAutomation.ExtractDataFromExcel.dataProviderTest" name="getDataFromArray" time="0.0"/>
  <testcase classname="MichaelSeleniumAutomation.ExtractDataFromExcel.dataProviderTest" name="getDataFromArray" time="0.0"/>
  <testcase classname="MichaelSeleniumAutomation.ExtractDataFromExcel.dataProviderTest" name="getDataFromArray" time="0.0"/>
  <testcase classname="MichaelSeleniumAutomation.ExtractDataFromExcel.dataProviderTest" name="getDataFromArray" time="0.0"/>
  <testcase classname="MichaelSeleniumAutomation.ExtractDataFromExcel.dataProviderTest" name="getDataFromArray" time="0.0"/>
  <testcase classname="MichaelSeleniumAutomation.ExtractDataFromExcel.dataProviderTest" name="getDataFromArray" time="0.0"/>
  <testcase classname="MichaelSeleniumAutomation.ExtractDataFromExcel.dataProviderTest" name="getDataFromArray" time="0.0"/>
  <testcase classname="MichaelSeleniumAutomation.ExtractDataFromExcel.dataProviderTest" name="getDataFromArray" time="0.0"/>
  <testcase classname="MichaelSeleniumAutomation.ExtractDataFromExcel.dataProviderTest" name="getDataFromArray" time="0.0"/>
  <testcase classname="MichaelSeleniumAutomation.ExtractDataFromExcel.dataProviderTest" name="getDataFromArray" time="0.0"/>
  <testcase classname="MichaelSeleniumAutomation.ExtractDataFromExcel.dataProviderTest" name="getDataFromArray" time="0.0"/>
  <testcase classname="MichaelSeleniumAutomation.ExtractDataFromExcel.dataProviderTest" name="getDataFromArray" time="0.0"/>
  <testcase classname="MichaelSeleniumAutomation.ExtractDataFromExcel.dataProviderTest" name="getDataFromArray" time="0.0"/>
  <testcase classname="MichaelSeleniumAutomation.ExtractDataFromExcel.dataProviderTest" name="getDataFromArray" time="0.0"/>
  <testcase classname="MichaelSeleniumAutomation.ExtractDataFromExcel.dataProviderTest" name="getDataFromArray" time="0.001"/>
  <testcase classname="MichaelSeleniumAutomation.ExtractDataFromExcel.dataProviderTest" name="getDataFromArray" time="0.001"/>
  <testcase classname="MichaelSeleniumAutomation.ExtractDataFromExcel.dataProviderTest" name="getDataFromArray" time="0.0"/>
  <testcase classname="MichaelSeleniumAutomation.ExtractDataFromExcel.dataProviderTest" name="getDataFromArray" time="0.0"/>
  <testcase classname="MichaelSeleniumAutomation.ExtractDataFromExcel.dataProviderTest" name="getDataFromArray" time="0.0"/>
  <testcase classname="MichaelSeleniumAutomation.ExtractDataFromExcel.dataProviderTest" name="getDataFromArray" time="0.001"/>
  <testcase classname="MichaelSeleniumAutomation.ExtractDataFromExcel.dataProviderTest" name="getDataFromArray" time="0.0"/>
  <testcase classname="MichaelSeleniumAutomation.ExtractDataFromExcel.dataProviderTest" name="getDataFromArray" time="0.001"/>
  <testcase classname="MichaelSeleniumAutomation.ExtractDataFromExcel.dataProviderTest" name="getDataFromArray" time="0.0"/>
  <testcase classname="MichaelSeleniumAutomation.ExtractDataFromExcel.dataProviderTest" name="getDataFromArray" time="0.0"/>
  <testcase classname="MichaelSeleniumAutomation.ExtractDataFromExcel.dataProviderTest" name="getDataFromArray" time="0.0"/>
  <testcase classname="MichaelSeleniumAutomation.ExtractDataFromExcel.dataProviderTest" name="getDataFromArray" time="0.001"/>
  <testcase classname="MichaelSeleniumAutomation.ExtractDataFromExcel.dataProviderTest" name="getDataFromArray" time="0.0"/>
  <testcase classname="MichaelSeleniumAutomation.ExtractDataFromExcel.dataProviderTest" name="getDataFromArray" time="0.0"/>
  <testcase classname="MichaelSeleniumAutomation.ExtractDataFromExcel.dataProviderTest" name="getDataFromArray" time="0.0"/>
  <testcase classname="MichaelSeleniumAutomation.ExtractDataFromExcel.dataProviderTest" name="getDataFromArray" time="0.0"/>
  <testcase classname="MichaelSeleniumAutomation.ExtractDataFromExcel.dataProviderTest" name="getDataFromArray" time="0.001"/>
  <testcase classname="MichaelSeleniumAutomation.ExtractDataFromExcel.dataProviderTest" name="getDataFromArray" time="0.001"/>
  <testcase classname="MichaelSeleniumAutomation.ExtractDataFromExcel.dataProviderTest" name="getDataFromArray" time="0.0"/>
  <testcase classname="MichaelSeleniumAutomation.ExtractDataFromExcel.dataProviderTest" name="getDataFromArray" time="0.0"/>
  <testcase classname="MichaelSeleniumAutomation.ExtractDataFromExcel.dataProviderTest" name="getDataFromArray" time="0.0"/>
  <testcase classname="MichaelSeleniumAutomation.ExtractDataFromExcel.dataProviderTest" name="getDataFromArray" time="0.0"/>
  <testcase classname="MichaelSeleniumAutomation.ExtractDataFromExcel.dataProviderTest" name="getDataFromArray" time="0.0"/>
  <testcase classname="MichaelSeleniumAutomation.ExtractDataFromExcel.dataProviderTest" name="getDataFromArray" time="0.001"/>
  <testcase classname="MichaelSeleniumAutomation.ExtractDataFromExcel.dataProviderTest" name="getDataFromArray" time="0.0"/>
  <testcase classname="MichaelSeleniumAutomation.ExtractDataFromExcel.dataProviderTest" name="getDataFromArray" time="0.0"/>
  <testcase classname="MichaelSeleniumAutomation.ExtractDataFromExcel.dataProviderTest" name="getDataFromArray" time="0.0"/>
  <testcase classname="MichaelSeleniumAutomation.ExtractDataFromExcel.dataProviderTest" name="getDataFromArray" time="0.001"/>
  <testcase classname="MichaelSeleniumAutomation.ExtractDataFromExcel.dataProviderTest" name="getDataFromArray" time="0.001"/>
  <testcase classname="MichaelSeleniumAutomation.ExtractDataFromExcel.dataProviderTest" name="getDataFromArray" time="0.0"/>
  <testcase classname="MichaelSeleniumAutomation.ExtractDataFromExcel.dataProviderTest" name="getDataFromArray" time="0.0"/>
  <testcase classname="MichaelSeleniumAutomation.ExtractDataFromExcel.dataProviderTest" name="getDataFromArray" time="0.001"/>
  <testcase classname="MichaelSeleniumAutomation.ExtractDataFromExcel.dataProviderTest" name="getDataFromArray" time="0.0"/>
  <testcase classname="MichaelSeleniumAutomation.ExtractDataFromExcel.dataProviderTest" name="getDataFromArray" time="0.0"/>
  <testcase classname="MichaelSeleniumAutomation.ExtractDataFromExcel.dataProviderTest" name="getDataFromArray" time="0.0"/>
  <testcase classname="MichaelSeleniumAutomation.ExtractDataFromExcel.dataProviderTest" name="getDataFromArray" time="0.0"/>
  <testcase classname="MichaelSeleniumAutomation.ExtractDataFromExcel.dataProviderTest" name="getDataFromArray" time="0.001"/>
  <testcase classname="MichaelSeleniumAutomation.ExtractDataFromExcel.dataProviderTest" name="getDataFromArray" time="0.0"/>
  <testcase classname="MichaelSeleniumAutomation.ExtractDataFromExcel.dataProviderTest" name="getDataFromArray" time="0.0"/>
  <testcase classname="MichaelSeleniumAutomation.ExtractDataFromExcel.dataProviderTest" name="getDataFromArray" time="0.0"/>
  <testcase classname="MichaelSeleniumAutomation.ExtractDataFromExcel.dataProviderTest" name="getDataFromArray" time="0.0"/>
  <testcase classname="MichaelSeleniumAutomation.ExtractDataFromExcel.dataProviderTest" name="getDataFromArray" time="0.001"/>
  <testcase classname="MichaelSeleniumAutomation.ExtractDataFromExcel.dataProviderTest" name="getDataFromArray" time="0.0"/>
  <testcase classname="MichaelSeleniumAutomation.ExtractDataFromExcel.dataProviderTest" name="getDataFromArray" time="0.0"/>
  <testcase classname="MichaelSeleniumAutomation.ExtractDataFromExcel.dataProviderTest" name="getDataFromArray" time="0.001"/>
  <testcase classname="MichaelSeleniumAutomation.ExtractDataFromExcel.dataProviderTest" name="getDataFromArray" time="0.001"/>
  <testcase classname="MichaelSeleniumAutomation.ExtractDataFromExcel.dataProviderTest" name="getDataFromArray" time="0.0"/>
  <testcase classname="MichaelSeleniumAutomation.ExtractDataFromExcel.dataProviderTest" name="getDataFromArray" time="0.0"/>
  <testcase classname="MichaelSeleniumAutomation.ExtractDataFromExcel.dataProviderTest" name="getDataFromArray" time="0.001"/>
  <testcase classname="MichaelSeleniumAutomation.ExtractDataFromExcel.dataProviderTest" name="getDataFromArray" time="0.0"/>
  <testcase classname="MichaelSeleniumAutomation.ExtractDataFromExcel.dataProviderTest" name="getDataFromArray" time="0.0"/>
  <testcase classname="MichaelSeleniumAutomation.ExtractDataFromExcel.dataProviderTest" name="getDataFromArray" time="0.0"/>
  <testcase classname="MichaelSeleniumAutomation.ExtractDataFromExcel.dataProviderTest" name="getDataFromArray" time="0.0"/>
  <testcase classname="MichaelSeleniumAutomation.ExtractDataFromExcel.dataProviderTest" name="getDataFromArray" time="0.001"/>
  <testcase classname="MichaelSeleniumAutomation.ExtractDataFromExcel.dataProviderTest" name="getDataFromArray" time="0.0"/>
  <testcase classname="MichaelSeleniumAutomation.ExtractDataFromExcel.dataProviderTest" name="getDataFromArray" time="0.0"/>
  <testcase classname="MichaelSeleniumAutomation.ExtractDataFromExcel.dataProviderTest" name="getDataFromArray" time="0.0"/>
  <testcase classname="MichaelSeleniumAutomation.ExtractDataFromExcel.dataProviderTest" name="getDataFromArray" time="0.0"/>
  <testcase classname="MichaelSeleniumAutomation.ExtractDataFromExcel.dataProviderTest" name="getDataFromArray" time="0.0"/>
  <testcase classname="MichaelSeleniumAutomation.ExtractDataFromExcel.dataProviderTest" name="getDataFromArray" time="0.0"/>
  <testcase classname="MichaelSeleniumAutomation.ExtractDataFromExcel.dataProviderTest" name="getDataFromArray" time="0.0"/>
  <testcase classname="MichaelSeleniumAutomation.ExtractDataFromExcel.dataProviderTest" name="getDataFromArray" time="0.0"/>
  <testcase classname="MichaelSeleniumAutomation.ExtractDataFromExcel.dataProviderTest" name="getDataFromArray" time="0.001"/>
  <testcase classname="MichaelSeleniumAutomation.ExtractDataFromExcel.dataProviderTest" name="getDataFromArray" time="0.0"/>
  <testcase classname="MichaelSeleniumAutomation.ExtractDataFromExcel.dataProviderTest" name="getDataFromArray" time="0.001"/>
  <testcase classname="MichaelSeleniumAutomation.ExtractDataFromExcel.dataProviderTest" name="getDataFromArray" time="0.0"/>
  <testcase classname="MichaelSeleniumAutomation.ExtractDataFromExcel.dataProviderTest" name="getDataFromArray" time="0.0"/>
  <testcase classname="MichaelSeleniumAutomation.ExtractDataFromExcel.dataProviderTest" name="getDataFromArray" time="0.001"/>
  <testcase classname="MichaelSeleniumAutomation.ExtractDataFromExcel.dataProviderTest" name="getDataFromArray" time="0.0"/>
  <testcase classname="MichaelSeleniumAutomation.ExtractDataFromExcel.dataProviderTest" name="getDataFromArray" time="0.001"/>
  <testcase classname="MichaelSeleniumAutomation.ExtractDataFromExcel.dataProviderTest" name="getDataFromArray" time="0.0"/>
  <testcase classname="MichaelSeleniumAutomation.ExtractDataFromExcel.dataProviderTest" name="getDataFromArray" time="0.0"/>
  <testcase classname="MichaelSeleniumAutomation.ExtractDataFromExcel.dataProviderTest" name="getDataFromArray" time="0.001"/>
  <testcase classname="MichaelSeleniumAutomation.ExtractDataFromExcel.dataProviderTest" name="getDataFromArray" time="0.0"/>
  <testcase classname="MichaelSeleniumAutomation.ExtractDataFromExcel.dataProviderTest" name="getDataFromArray" time="0.0"/>
  <testcase classname="MichaelSeleniumAutomation.ExtractDataFromExcel.dataProviderTest" name="getDataFromArray" time="0.001"/>
  <testcase classname="MichaelSeleniumAutomation.ExtractDataFromExcel.dataProviderTest" name="getDataFromArray" time="0.0"/>
  <testcase classname="MichaelSeleniumAutomation.ExtractDataFromExcel.dataProviderTest" name="getDataFromArray" time="0.0"/>
  <testcase classname="MichaelSeleniumAutomation.ExtractDataFromExcel.dataProviderTest" name="getDataFromArray" time="0.0"/>
  <testcase classname="MichaelSeleniumAutomation.ExtractDataFromExcel.dataProviderTest" name="getDataFromArray" time="0.0"/>
  <testcase classname="MichaelSeleniumAutomation.ExtractDataFromExcel.dataProviderTest" name="getDataFromArray" time="0.0"/>
  <testcase classname="MichaelSeleniumAutomation.ExtractDataFromExcel.dataProviderTest" name="getDataFromArray" time="0.0"/>
  <testcase classname="MichaelSeleniumAutomation.ExtractDataFromExcel.dataProviderTest" name="getDataFromArray" time="0.0"/>
  <testcase classname="MichaelSeleniumAutomation.ExtractDataFromExcel.dataProviderTest" name="getDataFromArray" time="0.001"/>
  <testcase classname="MichaelSeleniumAutomation.ExtractDataFromExcel.dataProviderTest" name="getDataFromArray" time="0.001"/>
  <testcase classname="MichaelSeleniumAutomation.ExtractDataFromExcel.dataProviderTest" name="getDataFromArray" time="0.0"/>
  <testcase classname="MichaelSeleniumAutomation.ExtractDataFromExcel.dataProviderTest" name="getDataFromArray" time="0.0"/>
  <testcase classname="MichaelSeleniumAutomation.ExtractDataFromExcel.dataProviderTest" name="getDataFromArray" time="0.0"/>
  <testcase classname="MichaelSeleniumAutomation.ExtractDataFromExcel.dataProviderTest" name="getDataFromArray" time="0.001"/>
  <testcase classname="MichaelSeleniumAutomation.ExtractDataFromExcel.dataProviderTest" name="getDataFromArray" time="0.001"/>
  <testcase classname="MichaelSeleniumAutomation.ExtractDataFromExcel.dataProviderTest" name="getDataFromArray" time="0.0"/>
  <testcase classname="MichaelSeleniumAutomation.ExtractDataFromExcel.dataProviderTest" name="getDataFromArray" time="0.0"/>
  <testcase classname="MichaelSeleniumAutomation.ExtractDataFromExcel.dataProviderTest" name="getDataFromArray" time="0.001"/>
  <testcase classname="MichaelSeleniumAutomation.ExtractDataFromExcel.dataProviderTest" name="getDataFromArray" time="0.0"/>
  <testcase classname="MichaelSeleniumAutomation.ExtractDataFromExcel.dataProviderTest" name="getDataFromArray" time="0.0"/>
  <testcase classname="MichaelSeleniumAutomation.ExtractDataFromExcel.dataProviderTest" name="getDataFromArray" time="0.001"/>
  <testcase classname="MichaelSeleniumAutomation.ExtractDataFromExcel.dataProviderTest" name="getsData" time="0.001"/>
  <testcase classname="MichaelSeleniumAutomation.ExtractDataFromExcel.dataProviderTest" name="getsData" time="0.0"/>
  <testcase classname="MichaelSeleniumAutomation.ExtractDataFromExcel.dataProviderTest" name="getsData" time="0.0"/>
</testsuite> <!-- Default test -->
