<?xml version="1.0" encoding="UTF-8"?>
<testng-results ignored="0" total="597" passed="597" failed="0" skipped="0">
  <reporter-output>
  </reporter-output>
  <suite started-at="2024-12-07T18:55:37 SAST" name="Default suite" finished-at="2024-12-07T18:55:38 SAST" duration-ms="1389">
    <groups>
    </groups>
    <test started-at="2024-12-07T18:55:37 SAST" name="Default test" finished-at="2024-12-07T18:55:38 SAST" duration-ms="1389">
      <class name="MichaelSeleniumAutomation.ExtractDataFromExcel.dataProviderTest">
        <test-method signature="getDataFromArray(java.lang.String,java.lang.String,java.lang.String,java.lang.String,java.lang.String)[pri:0, instance:MichaelSeleniumAutomation.ExtractDataFromExcel.dataProviderTest@794cb805]" started-at="2024-12-07T18:55:38 SAST" name="getDataFromArray" data-provider="wins" finished-at="2024-12-07T18:55:38 SAST" duration-ms="4" status="PASS">
          <params>
            <param index="0">
              <value is-null="true"/>
            </param>
            <param index="1">
              <value is-null="true"/>
            </param>
            <param index="2">
              <value is-null="true"/>
            </param>
            <param index="3">
              <value is-null="true"/>
            </param>
            <param index="4">
              <value is-null="true"/>
            </param>
          </params>
          <reporter-output>
          </reporter-output>
        </test-method> <!-- getDataFromArray -->
        <test-method signature="getDataFromArray(java.lang.String,java.lang.String,java.lang.String,java.lang.String,java.lang.String)[pri:0, instance:MichaelSeleniumAutomation.ExtractDataFromExcel.dataProviderTest@794cb805]" started-at="2024-12-07T18:55:38 SAST" name="getDataFromArray" data-provider="wins" finished-at="2024-12-07T18:55:38 SAST" duration-ms="1" status="PASS">
          <params>
            <param index="0">
              <value>
                <![CDATA[30-ball BINGO]]>
              </value>
            </param>
            <param index="1">
              <value>
                <![CDATA[191]]>
              </value>
            </param>
            <param index="2">
              <value>
                <![CDATA[1]]>
              </value>
            </param>
            <param index="3">
              <value>
                <![CDATA[Desktop]]>
              </value>
            </param>
            <param index="4">
              <value>
                <![CDATA[rival]]>
              </value>
            </param>
          </params>
          <reporter-output>
          </reporter-output>
        </test-method> <!-- getDataFromArray -->
        <test-method signature="getDataFromArray(java.lang.String,java.lang.String,java.lang.String,java.lang.String,java.lang.String)[pri:0, instance:MichaelSeleniumAutomation.ExtractDataFromExcel.dataProviderTest@794cb805]" started-at="2024-12-07T18:55:38 SAST" name="getDataFromArray" data-provider="wins" finished-at="2024-12-07T18:55:38 SAST" duration-ms="1" status="PASS">
          <params>
            <param index="0">
              <value>
                <![CDATA[5 Reel BINGO]]>
              </value>
            </param>
            <param index="1">
              <value>
                <![CDATA[182]]>
              </value>
            </param>
            <param index="2">
              <value>
                <![CDATA[1]]>
              </value>
            </param>
            <param index="3">
              <value>
                <![CDATA[Desktop]]>
              </value>
            </param>
            <param index="4">
              <value>
                <![CDATA[rival]]>
              </value>
            </param>
          </params>
          <reporter-output>
          </reporter-output>
        </test-method> <!-- getDataFromArray -->
        <test-method signature="getDataFromArray(java.lang.String,java.lang.String,java.lang.String,java.lang.String,java.lang.String)[pri:0, instance:MichaelSeleniumAutomation.ExtractDataFromExcel.dataProviderTest@794cb805]" started-at="2024-12-07T18:55:38 SAST" name="getDataFromArray" data-provider="wins" finished-at="2024-12-07T18:55:38 SAST" duration-ms="1" status="PASS">
          <params>
            <param index="0">
              <value>
                <![CDATA[5 Reel Circus]]>
              </value>
            </param>
            <param index="1">
              <value>
                <![CDATA[83]]>
              </value>
            </param>
            <param index="2">
              <value>
                <![CDATA[1]]>
              </value>
            </param>
            <param index="3">
              <value>
                <![CDATA[Desktop]]>
              </value>
            </param>
            <param index="4">
              <value>
                <![CDATA[rival]]>
              </value>
            </param>
          </params>
          <reporter-output>
          </reporter-output>
        </test-method> <!-- getDataFromArray -->
        <test-method signature="getDataFromArray(java.lang.String,java.lang.String,java.lang.String,java.lang.String,java.lang.String)[pri:0, instance:MichaelSeleniumAutomation.ExtractDataFromExcel.dataProviderTest@794cb805]" started-at="2024-12-07T18:55:38 SAST" name="getDataFromArray" data-provider="wins" finished-at="2024-12-07T18:55:38 SAST" duration-ms="1" status="PASS">
          <params>
            <param index="0">
              <value>
                <![CDATA[80-ball BINGO]]>
              </value>
            </param>
            <param index="1">
              <value>
                <![CDATA[190]]>
              </value>
            </param>
            <param index="2">
              <value>
                <![CDATA[1]]>
              </value>
            </param>
            <param index="3">
              <value>
                <![CDATA[Desktop]]>
              </value>
            </param>
            <param index="4">
              <value>
                <![CDATA[rival]]>
              </value>
            </param>
          </params>
          <reporter-output>
          </reporter-output>
        </test-method> <!-- getDataFromArray -->
        <test-method signature="getDataFromArray(java.lang.String,java.lang.String,java.lang.String,java.lang.String,java.lang.String)[pri:0, instance:MichaelSeleniumAutomation.ExtractDataFromExcel.dataProviderTest@794cb805]" started-at="2024-12-07T18:55:38 SAST" name="getDataFromArray" data-provider="wins" finished-at="2024-12-07T18:55:38 SAST" duration-ms="1" status="PASS">
          <params>
            <param index="0">
              <value>
                <![CDATA[A Day at the Derby]]>
              </value>
            </param>
            <param index="1">
              <value>
                <![CDATA[174]]>
              </value>
            </param>
            <param index="2">
              <value>
                <![CDATA[1]]>
              </value>
            </param>
            <param index="3">
              <value>
                <![CDATA[Desktop]]>
              </value>
            </param>
            <param index="4">
              <value>
                <![CDATA[rival]]>
              </value>
            </param>
          </params>
          <reporter-output>
          </reporter-output>
        </test-method> <!-- getDataFromArray -->
        <test-method signature="getDataFromArray(java.lang.String,java.lang.String,java.lang.String,java.lang.String,java.lang.String)[pri:0, instance:MichaelSeleniumAutomation.ExtractDataFromExcel.dataProviderTest@794cb805]" started-at="2024-12-07T18:55:38 SAST" name="getDataFromArray" data-provider="wins" finished-at="2024-12-07T18:55:38 SAST" duration-ms="1" status="PASS">
          <params>
            <param index="0">
              <value>
                <![CDATA[A Switch in Time]]>
              </value>
            </param>
            <param index="1">
              <value>
                <![CDATA[136]]>
              </value>
            </param>
            <param index="2">
              <value>
                <![CDATA[1]]>
              </value>
            </param>
            <param index="3">
              <value>
                <![CDATA[Desktop]]>
              </value>
            </param>
            <param index="4">
              <value>
                <![CDATA[rival]]>
              </value>
            </param>
          </params>
          <reporter-output>
          </reporter-output>
        </test-method> <!-- getDataFromArray -->
        <test-method signature="getDataFromArray(java.lang.String,java.lang.String,java.lang.String,java.lang.String,java.lang.String)[pri:0, instance:MichaelSeleniumAutomation.ExtractDataFromExcel.dataProviderTest@794cb805]" started-at="2024-12-07T18:55:38 SAST" name="getDataFromArray" data-provider="wins" finished-at="2024-12-07T18:55:38 SAST" duration-ms="2" status="PASS">
          <params>
            <param index="0">
              <value>
                <![CDATA[Aces and Faces]]>
              </value>
            </param>
            <param index="1">
              <value>
                <![CDATA[13]]>
              </value>
            </param>
            <param index="2">
              <value>
                <![CDATA[1]]>
              </value>
            </param>
            <param index="3">
              <value>
                <![CDATA[Desktop]]>
              </value>
            </param>
            <param index="4">
              <value>
                <![CDATA[rival]]>
              </value>
            </param>
          </params>
          <reporter-output>
          </reporter-output>
        </test-method> <!-- getDataFromArray -->
        <test-method signature="getDataFromArray(java.lang.String,java.lang.String,java.lang.String,java.lang.String,java.lang.String)[pri:0, instance:MichaelSeleniumAutomation.ExtractDataFromExcel.dataProviderTest@794cb805]" started-at="2024-12-07T18:55:38 SAST" name="getDataFromArray" data-provider="wins" finished-at="2024-12-07T18:55:38 SAST" duration-ms="0" status="PASS">
          <params>
            <param index="0">
              <value>
                <![CDATA[All Aboard]]>
              </value>
            </param>
            <param index="1">
              <value>
                <![CDATA[152]]>
              </value>
            </param>
            <param index="2">
              <value>
                <![CDATA[1]]>
              </value>
            </param>
            <param index="3">
              <value>
                <![CDATA[Desktop]]>
              </value>
            </param>
            <param index="4">
              <value>
                <![CDATA[rival]]>
              </value>
            </param>
          </params>
          <reporter-output>
          </reporter-output>
        </test-method> <!-- getDataFromArray -->
        <test-method signature="getDataFromArray(java.lang.String,java.lang.String,java.lang.String,java.lang.String,java.lang.String)[pri:0, instance:MichaelSeleniumAutomation.ExtractDataFromExcel.dataProviderTest@794cb805]" started-at="2024-12-07T18:55:38 SAST" name="getDataFromArray" data-provider="wins" finished-at="2024-12-07T18:55:38 SAST" duration-ms="1" status="PASS">
          <params>
            <param index="0">
              <value>
                <![CDATA[American BINGO]]>
              </value>
            </param>
            <param index="1">
              <value>
                <![CDATA[189]]>
              </value>
            </param>
            <param index="2">
              <value>
                <![CDATA[1]]>
              </value>
            </param>
            <param index="3">
              <value>
                <![CDATA[Desktop]]>
              </value>
            </param>
            <param index="4">
              <value>
                <![CDATA[rival]]>
              </value>
            </param>
          </params>
          <reporter-output>
          </reporter-output>
        </test-method> <!-- getDataFromArray -->
        <test-method signature="getDataFromArray(java.lang.String,java.lang.String,java.lang.String,java.lang.String,java.lang.String)[pri:0, instance:MichaelSeleniumAutomation.ExtractDataFromExcel.dataProviderTest@794cb805]" started-at="2024-12-07T18:55:38 SAST" name="getDataFromArray" data-provider="wins" finished-at="2024-12-07T18:55:38 SAST" duration-ms="1" status="PASS">
          <params>
            <param index="0">
              <value>
                <![CDATA[Arabian Tales]]>
              </value>
            </param>
            <param index="1">
              <value>
                <![CDATA[814]]>
              </value>
            </param>
            <param index="2">
              <value>
                <![CDATA[1]]>
              </value>
            </param>
            <param index="3">
              <value>
                <![CDATA[Desktop]]>
              </value>
            </param>
            <param index="4">
              <value>
                <![CDATA[rival]]>
              </value>
            </param>
          </params>
          <reporter-output>
          </reporter-output>
        </test-method> <!-- getDataFromArray -->
        <test-method signature="getDataFromArray(java.lang.String,java.lang.String,java.lang.String,java.lang.String,java.lang.String)[pri:0, instance:MichaelSeleniumAutomation.ExtractDataFromExcel.dataProviderTest@794cb805]" started-at="2024-12-07T18:55:38 SAST" name="getDataFromArray" data-provider="wins" finished-at="2024-12-07T18:55:38 SAST" duration-ms="0" status="PASS">
          <params>
            <param index="0">
              <value>
                <![CDATA[As the Reels Turn 1]]>
              </value>
            </param>
            <param index="1">
              <value>
                <![CDATA[37]]>
              </value>
            </param>
            <param index="2">
              <value>
                <![CDATA[1]]>
              </value>
            </param>
            <param index="3">
              <value>
                <![CDATA[Desktop]]>
              </value>
            </param>
            <param index="4">
              <value>
                <![CDATA[rival]]>
              </value>
            </param>
          </params>
          <reporter-output>
          </reporter-output>
        </test-method> <!-- getDataFromArray -->
        <test-method signature="getDataFromArray(java.lang.String,java.lang.String,java.lang.String,java.lang.String,java.lang.String)[pri:0, instance:MichaelSeleniumAutomation.ExtractDataFromExcel.dataProviderTest@794cb805]" started-at="2024-12-07T18:55:38 SAST" name="getDataFromArray" data-provider="wins" finished-at="2024-12-07T18:55:38 SAST" duration-ms="1" status="PASS">
          <params>
            <param index="0">
              <value>
                <![CDATA[As the Reels Turn 2]]>
              </value>
            </param>
            <param index="1">
              <value>
                <![CDATA[78]]>
              </value>
            </param>
            <param index="2">
              <value>
                <![CDATA[1]]>
              </value>
            </param>
            <param index="3">
              <value>
                <![CDATA[Desktop]]>
              </value>
            </param>
            <param index="4">
              <value>
                <![CDATA[rival]]>
              </value>
            </param>
          </params>
          <reporter-output>
          </reporter-output>
        </test-method> <!-- getDataFromArray -->
        <test-method signature="getDataFromArray(java.lang.String,java.lang.String,java.lang.String,java.lang.String,java.lang.String)[pri:0, instance:MichaelSeleniumAutomation.ExtractDataFromExcel.dataProviderTest@794cb805]" started-at="2024-12-07T18:55:38 SAST" name="getDataFromArray" data-provider="wins" finished-at="2024-12-07T18:55:38 SAST" duration-ms="1" status="PASS">
          <params>
            <param index="0">
              <value>
                <![CDATA[As the Reels Turn 3]]>
              </value>
            </param>
            <param index="1">
              <value>
                <![CDATA[88]]>
              </value>
            </param>
            <param index="2">
              <value>
                <![CDATA[1]]>
              </value>
            </param>
            <param index="3">
              <value>
                <![CDATA[Desktop]]>
              </value>
            </param>
            <param index="4">
              <value>
                <![CDATA[rival]]>
              </value>
            </param>
          </params>
          <reporter-output>
          </reporter-output>
        </test-method> <!-- getDataFromArray -->
        <test-method signature="getDataFromArray(java.lang.String,java.lang.String,java.lang.String,java.lang.String,java.lang.String)[pri:0, instance:MichaelSeleniumAutomation.ExtractDataFromExcel.dataProviderTest@794cb805]" started-at="2024-12-07T18:55:38 SAST" name="getDataFromArray" data-provider="wins" finished-at="2024-12-07T18:55:38 SAST" duration-ms="1" status="PASS">
          <params>
            <param index="0">
              <value>
                <![CDATA[Astral Luck]]>
              </value>
            </param>
            <param index="1">
              <value>
                <![CDATA[220]]>
              </value>
            </param>
            <param index="2">
              <value>
                <![CDATA[1]]>
              </value>
            </param>
            <param index="3">
              <value>
                <![CDATA[Desktop]]>
              </value>
            </param>
            <param index="4">
              <value>
                <![CDATA[rival]]>
              </value>
            </param>
          </params>
          <reporter-output>
          </reporter-output>
        </test-method> <!-- getDataFromArray -->
        <test-method signature="getDataFromArray(java.lang.String,java.lang.String,java.lang.String,java.lang.String,java.lang.String)[pri:0, instance:MichaelSeleniumAutomation.ExtractDataFromExcel.dataProviderTest@794cb805]" started-at="2024-12-07T18:55:38 SAST" name="getDataFromArray" data-provider="wins" finished-at="2024-12-07T18:55:38 SAST" duration-ms="2" status="PASS">
          <params>
            <param index="0">
              <value>
                <![CDATA[Atomic Age]]>
              </value>
            </param>
            <param index="1">
              <value>
                <![CDATA[69]]>
              </value>
            </param>
            <param index="2">
              <value>
                <![CDATA[1]]>
              </value>
            </param>
            <param index="3">
              <value>
                <![CDATA[Desktop]]>
              </value>
            </param>
            <param index="4">
              <value>
                <![CDATA[rival]]>
              </value>
            </param>
          </params>
          <reporter-output>
          </reporter-output>
        </test-method> <!-- getDataFromArray -->
        <test-method signature="getDataFromArray(java.lang.String,java.lang.String,java.lang.String,java.lang.String,java.lang.String)[pri:0, instance:MichaelSeleniumAutomation.ExtractDataFromExcel.dataProviderTest@794cb805]" started-at="2024-12-07T18:55:38 SAST" name="getDataFromArray" data-provider="wins" finished-at="2024-12-07T18:55:38 SAST" duration-ms="1" status="PASS">
          <params>
            <param index="0">
              <value>
                <![CDATA[Aussie Rules]]>
              </value>
            </param>
            <param index="1">
              <value>
                <![CDATA[155]]>
              </value>
            </param>
            <param index="2">
              <value>
                <![CDATA[1]]>
              </value>
            </param>
            <param index="3">
              <value>
                <![CDATA[Desktop]]>
              </value>
            </param>
            <param index="4">
              <value>
                <![CDATA[rival]]>
              </value>
            </param>
          </params>
          <reporter-output>
          </reporter-output>
        </test-method> <!-- getDataFromArray -->
        <test-method signature="getDataFromArray(java.lang.String,java.lang.String,java.lang.String,java.lang.String,java.lang.String)[pri:0, instance:MichaelSeleniumAutomation.ExtractDataFromExcel.dataProviderTest@794cb805]" started-at="2024-12-07T18:55:38 SAST" name="getDataFromArray" data-provider="wins" finished-at="2024-12-07T18:55:38 SAST" duration-ms="1" status="PASS">
          <params>
            <param index="0">
              <value>
                <![CDATA[Baby Boomers: Cash Cruise]]>
              </value>
            </param>
            <param index="1">
              <value>
                <![CDATA[116]]>
              </value>
            </param>
            <param index="2">
              <value>
                <![CDATA[1]]>
              </value>
            </param>
            <param index="3">
              <value>
                <![CDATA[Desktop]]>
              </value>
            </param>
            <param index="4">
              <value>
                <![CDATA[rival]]>
              </value>
            </param>
          </params>
          <reporter-output>
          </reporter-output>
        </test-method> <!-- getDataFromArray -->
        <test-method signature="getDataFromArray(java.lang.String,java.lang.String,java.lang.String,java.lang.String,java.lang.String)[pri:0, instance:MichaelSeleniumAutomation.ExtractDataFromExcel.dataProviderTest@794cb805]" started-at="2024-12-07T18:55:38 SAST" name="getDataFromArray" data-provider="wins" finished-at="2024-12-07T18:55:38 SAST" duration-ms="1" status="PASS">
          <params>
            <param index="0">
              <value>
                <![CDATA[Baccarat]]>
              </value>
            </param>
            <param index="1">
              <value>
                <![CDATA[6]]>
              </value>
            </param>
            <param index="2">
              <value>
                <![CDATA[1]]>
              </value>
            </param>
            <param index="3">
              <value>
                <![CDATA[Desktop]]>
              </value>
            </param>
            <param index="4">
              <value>
                <![CDATA[rival]]>
              </value>
            </param>
          </params>
          <reporter-output>
          </reporter-output>
        </test-method> <!-- getDataFromArray -->
        <test-method signature="getDataFromArray(java.lang.String,java.lang.String,java.lang.String,java.lang.String,java.lang.String)[pri:0, instance:MichaelSeleniumAutomation.ExtractDataFromExcel.dataProviderTest@794cb805]" started-at="2024-12-07T18:55:38 SAST" name="getDataFromArray" data-provider="wins" finished-at="2024-12-07T18:55:38 SAST" duration-ms="1" status="PASS">
          <params>
            <param index="0">
              <value>
                <![CDATA[Best of Luck]]>
              </value>
            </param>
            <param index="1">
              <value>
                <![CDATA[148]]>
              </value>
            </param>
            <param index="2">
              <value>
                <![CDATA[1]]>
              </value>
            </param>
            <param index="3">
              <value>
                <![CDATA[Desktop]]>
              </value>
            </param>
            <param index="4">
              <value>
                <![CDATA[rival]]>
              </value>
            </param>
          </params>
          <reporter-output>
          </reporter-output>
        </test-method> <!-- getDataFromArray -->
        <test-method signature="getDataFromArray(java.lang.String,java.lang.String,java.lang.String,java.lang.String,java.lang.String)[pri:0, instance:MichaelSeleniumAutomation.ExtractDataFromExcel.dataProviderTest@794cb805]" started-at="2024-12-07T18:55:38 SAST" name="getDataFromArray" data-provider="wins" finished-at="2024-12-07T18:55:38 SAST" duration-ms="0" status="PASS">
          <params>
            <param index="0">
              <value>
                <![CDATA[Big Cash Win]]>
              </value>
            </param>
            <param index="1">
              <value>
                <![CDATA[42]]>
              </value>
            </param>
            <param index="2">
              <value>
                <![CDATA[1]]>
              </value>
            </param>
            <param index="3">
              <value>
                <![CDATA[Desktop]]>
              </value>
            </param>
            <param index="4">
              <value>
                <![CDATA[rival]]>
              </value>
            </param>
          </params>
          <reporter-output>
          </reporter-output>
        </test-method> <!-- getDataFromArray -->
        <test-method signature="getDataFromArray(java.lang.String,java.lang.String,java.lang.String,java.lang.String,java.lang.String)[pri:0, instance:MichaelSeleniumAutomation.ExtractDataFromExcel.dataProviderTest@794cb805]" started-at="2024-12-07T18:55:38 SAST" name="getDataFromArray" data-provider="wins" finished-at="2024-12-07T18:55:38 SAST" duration-ms="1" status="PASS">
          <params>
            <param index="0">
              <value>
                <![CDATA[Blackjack]]>
              </value>
            </param>
            <param index="1">
              <value>
                <![CDATA[3]]>
              </value>
            </param>
            <param index="2">
              <value>
                <![CDATA[1]]>
              </value>
            </param>
            <param index="3">
              <value>
                <![CDATA[Desktop]]>
              </value>
            </param>
            <param index="4">
              <value>
                <![CDATA[rival]]>
              </value>
            </param>
          </params>
          <reporter-output>
          </reporter-output>
        </test-method> <!-- getDataFromArray -->
        <test-method signature="getDataFromArray(java.lang.String,java.lang.String,java.lang.String,java.lang.String,java.lang.String)[pri:0, instance:MichaelSeleniumAutomation.ExtractDataFromExcel.dataProviderTest@794cb805]" started-at="2024-12-07T18:55:38 SAST" name="getDataFromArray" data-provider="wins" finished-at="2024-12-07T18:55:38 SAST" duration-ms="0" status="PASS">
          <params>
            <param index="0">
              <value>
                <![CDATA[Blackjack - Multi-hand]]>
              </value>
            </param>
            <param index="1">
              <value>
                <![CDATA[5]]>
              </value>
            </param>
            <param index="2">
              <value>
                <![CDATA[1]]>
              </value>
            </param>
            <param index="3">
              <value>
                <![CDATA[Desktop]]>
              </value>
            </param>
            <param index="4">
              <value>
                <![CDATA[rival]]>
              </value>
            </param>
          </params>
          <reporter-output>
          </reporter-output>
        </test-method> <!-- getDataFromArray -->
        <test-method signature="getDataFromArray(java.lang.String,java.lang.String,java.lang.String,java.lang.String,java.lang.String)[pri:0, instance:MichaelSeleniumAutomation.ExtractDataFromExcel.dataProviderTest@794cb805]" started-at="2024-12-07T18:55:38 SAST" name="getDataFromArray" data-provider="wins" finished-at="2024-12-07T18:55:38 SAST" duration-ms="0" status="PASS">
          <params>
            <param index="0">
              <value>
                <![CDATA[Blazin' Buffalo]]>
              </value>
            </param>
            <param index="1">
              <value>
                <![CDATA[324]]>
              </value>
            </param>
            <param index="2">
              <value>
                <![CDATA[1]]>
              </value>
            </param>
            <param index="3">
              <value>
                <![CDATA[Desktop]]>
              </value>
            </param>
            <param index="4">
              <value>
                <![CDATA[rival]]>
              </value>
            </param>
          </params>
          <reporter-output>
          </reporter-output>
        </test-method> <!-- getDataFromArray -->
        <test-method signature="getDataFromArray(java.lang.String,java.lang.String,java.lang.String,java.lang.String,java.lang.String)[pri:0, instance:MichaelSeleniumAutomation.ExtractDataFromExcel.dataProviderTest@794cb805]" started-at="2024-12-07T18:55:38 SAST" name="getDataFromArray" data-provider="wins" finished-at="2024-12-07T18:55:38 SAST" duration-ms="1" status="PASS">
          <params>
            <param index="0">
              <value>
                <![CDATA[Bowled Over]]>
              </value>
            </param>
            <param index="1">
              <value>
                <![CDATA[157]]>
              </value>
            </param>
            <param index="2">
              <value>
                <![CDATA[1]]>
              </value>
            </param>
            <param index="3">
              <value>
                <![CDATA[Desktop]]>
              </value>
            </param>
            <param index="4">
              <value>
                <![CDATA[rival]]>
              </value>
            </param>
          </params>
          <reporter-output>
          </reporter-output>
        </test-method> <!-- getDataFromArray -->
        <test-method signature="getDataFromArray(java.lang.String,java.lang.String,java.lang.String,java.lang.String,java.lang.String)[pri:0, instance:MichaelSeleniumAutomation.ExtractDataFromExcel.dataProviderTest@794cb805]" started-at="2024-12-07T18:55:38 SAST" name="getDataFromArray" data-provider="wins" finished-at="2024-12-07T18:55:38 SAST" duration-ms="0" status="PASS">
          <params>
            <param index="0">
              <value>
                <![CDATA[Bust-A-Vault]]>
              </value>
            </param>
            <param index="1">
              <value>
                <![CDATA[139]]>
              </value>
            </param>
            <param index="2">
              <value>
                <![CDATA[1]]>
              </value>
            </param>
            <param index="3">
              <value>
                <![CDATA[Desktop]]>
              </value>
            </param>
            <param index="4">
              <value>
                <![CDATA[rival]]>
              </value>
            </param>
          </params>
          <reporter-output>
          </reporter-output>
        </test-method> <!-- getDataFromArray -->
        <test-method signature="getDataFromArray(java.lang.String,java.lang.String,java.lang.String,java.lang.String,java.lang.String)[pri:0, instance:MichaelSeleniumAutomation.ExtractDataFromExcel.dataProviderTest@794cb805]" started-at="2024-12-07T18:55:38 SAST" name="getDataFromArray" data-provider="wins" finished-at="2024-12-07T18:55:38 SAST" duration-ms="0" status="PASS">
          <params>
            <param index="0">
              <value>
                <![CDATA[Candy Cottage]]>
              </value>
            </param>
            <param index="1">
              <value>
                <![CDATA[145]]>
              </value>
            </param>
            <param index="2">
              <value>
                <![CDATA[1]]>
              </value>
            </param>
            <param index="3">
              <value>
                <![CDATA[Desktop]]>
              </value>
            </param>
            <param index="4">
              <value>
                <![CDATA[rival]]>
              </value>
            </param>
          </params>
          <reporter-output>
          </reporter-output>
        </test-method> <!-- getDataFromArray -->
        <test-method signature="getDataFromArray(java.lang.String,java.lang.String,java.lang.String,java.lang.String,java.lang.String)[pri:0, instance:MichaelSeleniumAutomation.ExtractDataFromExcel.dataProviderTest@794cb805]" started-at="2024-12-07T18:55:38 SAST" name="getDataFromArray" data-provider="wins" finished-at="2024-12-07T18:55:38 SAST" duration-ms="1" status="PASS">
          <params>
            <param index="0">
              <value>
                <![CDATA[Casino Battle]]>
              </value>
            </param>
            <param index="1">
              <value>
                <![CDATA[23]]>
              </value>
            </param>
            <param index="2">
              <value>
                <![CDATA[1]]>
              </value>
            </param>
            <param index="3">
              <value>
                <![CDATA[Desktop]]>
              </value>
            </param>
            <param index="4">
              <value>
                <![CDATA[rival]]>
              </value>
            </param>
          </params>
          <reporter-output>
          </reporter-output>
        </test-method> <!-- getDataFromArray -->
        <test-method signature="getDataFromArray(java.lang.String,java.lang.String,java.lang.String,java.lang.String,java.lang.String)[pri:0, instance:MichaelSeleniumAutomation.ExtractDataFromExcel.dataProviderTest@794cb805]" started-at="2024-12-07T18:55:38 SAST" name="getDataFromArray" data-provider="wins" finished-at="2024-12-07T18:55:38 SAST" duration-ms="1" status="PASS">
          <params>
            <param index="0">
              <value>
                <![CDATA[Catsino]]>
              </value>
            </param>
            <param index="1">
              <value>
                <![CDATA[872]]>
              </value>
            </param>
            <param index="2">
              <value>
                <![CDATA[1]]>
              </value>
            </param>
            <param index="3">
              <value>
                <![CDATA[Desktop]]>
              </value>
            </param>
            <param index="4">
              <value>
                <![CDATA[rival]]>
              </value>
            </param>
          </params>
          <reporter-output>
          </reporter-output>
        </test-method> <!-- getDataFromArray -->
        <test-method signature="getDataFromArray(java.lang.String,java.lang.String,java.lang.String,java.lang.String,java.lang.String)[pri:0, instance:MichaelSeleniumAutomation.ExtractDataFromExcel.dataProviderTest@794cb805]" started-at="2024-12-07T18:55:38 SAST" name="getDataFromArray" data-provider="wins" finished-at="2024-12-07T18:55:38 SAST" duration-ms="1" status="PASS">
          <params>
            <param index="0">
              <value>
                <![CDATA[Cavalier Cash]]>
              </value>
            </param>
            <param index="1">
              <value>
                <![CDATA[263]]>
              </value>
            </param>
            <param index="2">
              <value>
                <![CDATA[1]]>
              </value>
            </param>
            <param index="3">
              <value>
                <![CDATA[Desktop]]>
              </value>
            </param>
            <param index="4">
              <value>
                <![CDATA[rival]]>
              </value>
            </param>
          </params>
          <reporter-output>
          </reporter-output>
        </test-method> <!-- getDataFromArray -->
        <test-method signature="getDataFromArray(java.lang.String,java.lang.String,java.lang.String,java.lang.String,java.lang.String)[pri:0, instance:MichaelSeleniumAutomation.ExtractDataFromExcel.dataProviderTest@794cb805]" started-at="2024-12-07T18:55:38 SAST" name="getDataFromArray" data-provider="wins" finished-at="2024-12-07T18:55:38 SAST" duration-ms="0" status="PASS">
          <params>
            <param index="0">
              <value>
                <![CDATA[Champs-Élysées]]>
              </value>
            </param>
            <param index="1">
              <value>
                <![CDATA[886]]>
              </value>
            </param>
            <param index="2">
              <value>
                <![CDATA[1]]>
              </value>
            </param>
            <param index="3">
              <value>
                <![CDATA[Desktop]]>
              </value>
            </param>
            <param index="4">
              <value>
                <![CDATA[rival]]>
              </value>
            </param>
          </params>
          <reporter-output>
          </reporter-output>
        </test-method> <!-- getDataFromArray -->
        <test-method signature="getDataFromArray(java.lang.String,java.lang.String,java.lang.String,java.lang.String,java.lang.String)[pri:0, instance:MichaelSeleniumAutomation.ExtractDataFromExcel.dataProviderTest@794cb805]" started-at="2024-12-07T18:55:38 SAST" name="getDataFromArray" data-provider="wins" finished-at="2024-12-07T18:55:38 SAST" duration-ms="0" status="PASS">
          <params>
            <param index="0">
              <value>
                <![CDATA[Chicken Little]]>
              </value>
            </param>
            <param index="1">
              <value>
                <![CDATA[51]]>
              </value>
            </param>
            <param index="2">
              <value>
                <![CDATA[1]]>
              </value>
            </param>
            <param index="3">
              <value>
                <![CDATA[Desktop]]>
              </value>
            </param>
            <param index="4">
              <value>
                <![CDATA[rival]]>
              </value>
            </param>
          </params>
          <reporter-output>
          </reporter-output>
        </test-method> <!-- getDataFromArray -->
        <test-method signature="getDataFromArray(java.lang.String,java.lang.String,java.lang.String,java.lang.String,java.lang.String)[pri:0, instance:MichaelSeleniumAutomation.ExtractDataFromExcel.dataProviderTest@794cb805]" started-at="2024-12-07T18:55:38 SAST" name="getDataFromArray" data-provider="wins" finished-at="2024-12-07T18:55:38 SAST" duration-ms="0" status="PASS">
          <params>
            <param index="0">
              <value>
                <![CDATA[Cirque Du Slots]]>
              </value>
            </param>
            <param index="1">
              <value>
                <![CDATA[854]]>
              </value>
            </param>
            <param index="2">
              <value>
                <![CDATA[1]]>
              </value>
            </param>
            <param index="3">
              <value>
                <![CDATA[Desktop]]>
              </value>
            </param>
            <param index="4">
              <value>
                <![CDATA[rival]]>
              </value>
            </param>
          </params>
          <reporter-output>
          </reporter-output>
        </test-method> <!-- getDataFromArray -->
        <test-method signature="getDataFromArray(java.lang.String,java.lang.String,java.lang.String,java.lang.String,java.lang.String)[pri:0, instance:MichaelSeleniumAutomation.ExtractDataFromExcel.dataProviderTest@794cb805]" started-at="2024-12-07T18:55:38 SAST" name="getDataFromArray" data-provider="wins" finished-at="2024-12-07T18:55:38 SAST" duration-ms="1" status="PASS">
          <params>
            <param index="0">
              <value>
                <![CDATA[Cleopatra’s Coins]]>
              </value>
            </param>
            <param index="1">
              <value>
                <![CDATA[86]]>
              </value>
            </param>
            <param index="2">
              <value>
                <![CDATA[1]]>
              </value>
            </param>
            <param index="3">
              <value>
                <![CDATA[Desktop]]>
              </value>
            </param>
            <param index="4">
              <value>
                <![CDATA[rival]]>
              </value>
            </param>
          </params>
          <reporter-output>
          </reporter-output>
        </test-method> <!-- getDataFromArray -->
        <test-method signature="getDataFromArray(java.lang.String,java.lang.String,java.lang.String,java.lang.String,java.lang.String)[pri:0, instance:MichaelSeleniumAutomation.ExtractDataFromExcel.dataProviderTest@794cb805]" started-at="2024-12-07T18:55:38 SAST" name="getDataFromArray" data-provider="wins" finished-at="2024-12-07T18:55:38 SAST" duration-ms="0" status="PASS">
          <params>
            <param index="0">
              <value>
                <![CDATA[Coins Of Olympus]]>
              </value>
            </param>
            <param index="1">
              <value>
                <![CDATA[262]]>
              </value>
            </param>
            <param index="2">
              <value>
                <![CDATA[1]]>
              </value>
            </param>
            <param index="3">
              <value>
                <![CDATA[Desktop]]>
              </value>
            </param>
            <param index="4">
              <value>
                <![CDATA[rival]]>
              </value>
            </param>
          </params>
          <reporter-output>
          </reporter-output>
        </test-method> <!-- getDataFromArray -->
        <test-method signature="getDataFromArray(java.lang.String,java.lang.String,java.lang.String,java.lang.String,java.lang.String)[pri:0, instance:MichaelSeleniumAutomation.ExtractDataFromExcel.dataProviderTest@794cb805]" started-at="2024-12-07T18:55:38 SAST" name="getDataFromArray" data-provider="wins" finished-at="2024-12-07T18:55:38 SAST" duration-ms="0" status="PASS">
          <params>
            <param index="0">
              <value>
                <![CDATA[Cosmic Quest I: Mission Control]]>
              </value>
            </param>
            <param index="1">
              <value>
                <![CDATA[109]]>
              </value>
            </param>
            <param index="2">
              <value>
                <![CDATA[1]]>
              </value>
            </param>
            <param index="3">
              <value>
                <![CDATA[Desktop]]>
              </value>
            </param>
            <param index="4">
              <value>
                <![CDATA[rival]]>
              </value>
            </param>
          </params>
          <reporter-output>
          </reporter-output>
        </test-method> <!-- getDataFromArray -->
        <test-method signature="getDataFromArray(java.lang.String,java.lang.String,java.lang.String,java.lang.String,java.lang.String)[pri:0, instance:MichaelSeleniumAutomation.ExtractDataFromExcel.dataProviderTest@794cb805]" started-at="2024-12-07T18:55:38 SAST" name="getDataFromArray" data-provider="wins" finished-at="2024-12-07T18:55:38 SAST" duration-ms="0" status="PASS">
          <params>
            <param index="0">
              <value>
                <![CDATA[Cosmic Quest II: Mystery Planets]]>
              </value>
            </param>
            <param index="1">
              <value>
                <![CDATA[110]]>
              </value>
            </param>
            <param index="2">
              <value>
                <![CDATA[1]]>
              </value>
            </param>
            <param index="3">
              <value>
                <![CDATA[Desktop]]>
              </value>
            </param>
            <param index="4">
              <value>
                <![CDATA[rival]]>
              </value>
            </param>
          </params>
          <reporter-output>
          </reporter-output>
        </test-method> <!-- getDataFromArray -->
        <test-method signature="getDataFromArray(java.lang.String,java.lang.String,java.lang.String,java.lang.String,java.lang.String)[pri:0, instance:MichaelSeleniumAutomation.ExtractDataFromExcel.dataProviderTest@794cb805]" started-at="2024-12-07T18:55:38 SAST" name="getDataFromArray" data-provider="wins" finished-at="2024-12-07T18:55:38 SAST" duration-ms="1" status="PASS">
          <params>
            <param index="0">
              <value>
                <![CDATA[Costume Party]]>
              </value>
            </param>
            <param index="1">
              <value>
                <![CDATA[249]]>
              </value>
            </param>
            <param index="2">
              <value>
                <![CDATA[1]]>
              </value>
            </param>
            <param index="3">
              <value>
                <![CDATA[Desktop]]>
              </value>
            </param>
            <param index="4">
              <value>
                <![CDATA[rival]]>
              </value>
            </param>
          </params>
          <reporter-output>
          </reporter-output>
        </test-method> <!-- getDataFromArray -->
        <test-method signature="getDataFromArray(java.lang.String,java.lang.String,java.lang.String,java.lang.String,java.lang.String)[pri:0, instance:MichaelSeleniumAutomation.ExtractDataFromExcel.dataProviderTest@794cb805]" started-at="2024-12-07T18:55:38 SAST" name="getDataFromArray" data-provider="wins" finished-at="2024-12-07T18:55:38 SAST" duration-ms="1" status="PASS">
          <params>
            <param index="0">
              <value>
                <![CDATA[Craps]]>
              </value>
            </param>
            <param index="1">
              <value>
                <![CDATA[8]]>
              </value>
            </param>
            <param index="2">
              <value>
                <![CDATA[1]]>
              </value>
            </param>
            <param index="3">
              <value>
                <![CDATA[Desktop]]>
              </value>
            </param>
            <param index="4">
              <value>
                <![CDATA[rival]]>
              </value>
            </param>
          </params>
          <reporter-output>
          </reporter-output>
        </test-method> <!-- getDataFromArray -->
        <test-method signature="getDataFromArray(java.lang.String,java.lang.String,java.lang.String,java.lang.String,java.lang.String)[pri:0, instance:MichaelSeleniumAutomation.ExtractDataFromExcel.dataProviderTest@794cb805]" started-at="2024-12-07T18:55:38 SAST" name="getDataFromArray" data-provider="wins" finished-at="2024-12-07T18:55:38 SAST" duration-ms="1" status="PASS">
          <params>
            <param index="0">
              <value>
                <![CDATA[Crazy Camel Cash]]>
              </value>
            </param>
            <param index="1">
              <value>
                <![CDATA[151]]>
              </value>
            </param>
            <param index="2">
              <value>
                <![CDATA[1]]>
              </value>
            </param>
            <param index="3">
              <value>
                <![CDATA[Desktop]]>
              </value>
            </param>
            <param index="4">
              <value>
                <![CDATA[rival]]>
              </value>
            </param>
          </params>
          <reporter-output>
          </reporter-output>
        </test-method> <!-- getDataFromArray -->
        <test-method signature="getDataFromArray(java.lang.String,java.lang.String,java.lang.String,java.lang.String,java.lang.String)[pri:0, instance:MichaelSeleniumAutomation.ExtractDataFromExcel.dataProviderTest@794cb805]" started-at="2024-12-07T18:55:38 SAST" name="getDataFromArray" data-provider="wins" finished-at="2024-12-07T18:55:38 SAST" duration-ms="1" status="PASS">
          <params>
            <param index="0">
              <value>
                <![CDATA[Cream of the Crop]]>
              </value>
            </param>
            <param index="1">
              <value>
                <![CDATA[164]]>
              </value>
            </param>
            <param index="2">
              <value>
                <![CDATA[1]]>
              </value>
            </param>
            <param index="3">
              <value>
                <![CDATA[Desktop]]>
              </value>
            </param>
            <param index="4">
              <value>
                <![CDATA[rival]]>
              </value>
            </param>
          </params>
          <reporter-output>
          </reporter-output>
        </test-method> <!-- getDataFromArray -->
        <test-method signature="getDataFromArray(java.lang.String,java.lang.String,java.lang.String,java.lang.String,java.lang.String)[pri:0, instance:MichaelSeleniumAutomation.ExtractDataFromExcel.dataProviderTest@794cb805]" started-at="2024-12-07T18:55:38 SAST" name="getDataFromArray" data-provider="wins" finished-at="2024-12-07T18:55:38 SAST" duration-ms="1" status="PASS">
          <params>
            <param index="0">
              <value>
                <![CDATA[Deuces Wild]]>
              </value>
            </param>
            <param index="1">
              <value>
                <![CDATA[14]]>
              </value>
            </param>
            <param index="2">
              <value>
                <![CDATA[1]]>
              </value>
            </param>
            <param index="3">
              <value>
                <![CDATA[Desktop]]>
              </value>
            </param>
            <param index="4">
              <value>
                <![CDATA[rival]]>
              </value>
            </param>
          </params>
          <reporter-output>
          </reporter-output>
        </test-method> <!-- getDataFromArray -->
        <test-method signature="getDataFromArray(java.lang.String,java.lang.String,java.lang.String,java.lang.String,java.lang.String)[pri:0, instance:MichaelSeleniumAutomation.ExtractDataFromExcel.dataProviderTest@794cb805]" started-at="2024-12-07T18:55:38 SAST" name="getDataFromArray" data-provider="wins" finished-at="2024-12-07T18:55:38 SAST" duration-ms="1" status="PASS">
          <params>
            <param index="0">
              <value>
                <![CDATA[Deuces and Joker]]>
              </value>
            </param>
            <param index="1">
              <value>
                <![CDATA[55]]>
              </value>
            </param>
            <param index="2">
              <value>
                <![CDATA[1]]>
              </value>
            </param>
            <param index="3">
              <value>
                <![CDATA[Desktop]]>
              </value>
            </param>
            <param index="4">
              <value>
                <![CDATA[rival]]>
              </value>
            </param>
          </params>
          <reporter-output>
          </reporter-output>
        </test-method> <!-- getDataFromArray -->
        <test-method signature="getDataFromArray(java.lang.String,java.lang.String,java.lang.String,java.lang.String,java.lang.String)[pri:0, instance:MichaelSeleniumAutomation.ExtractDataFromExcel.dataProviderTest@794cb805]" started-at="2024-12-07T18:55:38 SAST" name="getDataFromArray" data-provider="wins" finished-at="2024-12-07T18:55:38 SAST" duration-ms="1" status="PASS">
          <params>
            <param index="0">
              <value>
                <![CDATA[Diamond Cherries]]>
              </value>
            </param>
            <param index="1">
              <value>
                <![CDATA[863]]>
              </value>
            </param>
            <param index="2">
              <value>
                <![CDATA[1]]>
              </value>
            </param>
            <param index="3">
              <value>
                <![CDATA[Desktop]]>
              </value>
            </param>
            <param index="4">
              <value>
                <![CDATA[rival]]>
              </value>
            </param>
          </params>
          <reporter-output>
          </reporter-output>
        </test-method> <!-- getDataFromArray -->
        <test-method signature="getDataFromArray(java.lang.String,java.lang.String,java.lang.String,java.lang.String,java.lang.String)[pri:0, instance:MichaelSeleniumAutomation.ExtractDataFromExcel.dataProviderTest@794cb805]" started-at="2024-12-07T18:55:38 SAST" name="getDataFromArray" data-provider="wins" finished-at="2024-12-07T18:55:38 SAST" duration-ms="1" status="PASS">
          <params>
            <param index="0">
              <value>
                <![CDATA[Diamond Dazzle]]>
              </value>
            </param>
            <param index="1">
              <value>
                <![CDATA[853]]>
              </value>
            </param>
            <param index="2">
              <value>
                <![CDATA[1]]>
              </value>
            </param>
            <param index="3">
              <value>
                <![CDATA[Desktop]]>
              </value>
            </param>
            <param index="4">
              <value>
                <![CDATA[rival]]>
              </value>
            </param>
          </params>
          <reporter-output>
          </reporter-output>
        </test-method> <!-- getDataFromArray -->
        <test-method signature="getDataFromArray(java.lang.String,java.lang.String,java.lang.String,java.lang.String,java.lang.String)[pri:0, instance:MichaelSeleniumAutomation.ExtractDataFromExcel.dataProviderTest@794cb805]" started-at="2024-12-07T18:55:38 SAST" name="getDataFromArray" data-provider="wins" finished-at="2024-12-07T18:55:38 SAST" duration-ms="1" status="PASS">
          <params>
            <param index="0">
              <value>
                <![CDATA[Diamond Temple]]>
              </value>
            </param>
            <param index="1">
              <value>
                <![CDATA[115]]>
              </value>
            </param>
            <param index="2">
              <value>
                <![CDATA[1]]>
              </value>
            </param>
            <param index="3">
              <value>
                <![CDATA[Desktop]]>
              </value>
            </param>
            <param index="4">
              <value>
                <![CDATA[rival]]>
              </value>
            </param>
          </params>
          <reporter-output>
          </reporter-output>
        </test-method> <!-- getDataFromArray -->
        <test-method signature="getDataFromArray(java.lang.String,java.lang.String,java.lang.String,java.lang.String,java.lang.String)[pri:0, instance:MichaelSeleniumAutomation.ExtractDataFromExcel.dataProviderTest@794cb805]" started-at="2024-12-07T18:55:38 SAST" name="getDataFromArray" data-provider="wins" finished-at="2024-12-07T18:55:38 SAST" duration-ms="1" status="PASS">
          <params>
            <param index="0">
              <value>
                <![CDATA[Diamonds Downunder]]>
              </value>
            </param>
            <param index="1">
              <value>
                <![CDATA[147]]>
              </value>
            </param>
            <param index="2">
              <value>
                <![CDATA[1]]>
              </value>
            </param>
            <param index="3">
              <value>
                <![CDATA[Desktop]]>
              </value>
            </param>
            <param index="4">
              <value>
                <![CDATA[rival]]>
              </value>
            </param>
          </params>
          <reporter-output>
          </reporter-output>
        </test-method> <!-- getDataFromArray -->
        <test-method signature="getDataFromArray(java.lang.String,java.lang.String,java.lang.String,java.lang.String,java.lang.String)[pri:0, instance:MichaelSeleniumAutomation.ExtractDataFromExcel.dataProviderTest@794cb805]" started-at="2024-12-07T18:55:38 SAST" name="getDataFromArray" data-provider="wins" finished-at="2024-12-07T18:55:38 SAST" duration-ms="1" status="PASS">
          <params>
            <param index="0">
              <value>
                <![CDATA[Diggin' Deep]]>
              </value>
            </param>
            <param index="1">
              <value>
                <![CDATA[206]]>
              </value>
            </param>
            <param index="2">
              <value>
                <![CDATA[1]]>
              </value>
            </param>
            <param index="3">
              <value>
                <![CDATA[Desktop]]>
              </value>
            </param>
            <param index="4">
              <value>
                <![CDATA[rival]]>
              </value>
            </param>
          </params>
          <reporter-output>
          </reporter-output>
        </test-method> <!-- getDataFromArray -->
        <test-method signature="getDataFromArray(java.lang.String,java.lang.String,java.lang.String,java.lang.String,java.lang.String)[pri:0, instance:MichaelSeleniumAutomation.ExtractDataFromExcel.dataProviderTest@794cb805]" started-at="2024-12-07T18:55:38 SAST" name="getDataFromArray" data-provider="wins" finished-at="2024-12-07T18:55:38 SAST" duration-ms="1" status="PASS">
          <params>
            <param index="0">
              <value>
                <![CDATA[Dog Pound]]>
              </value>
            </param>
            <param index="1">
              <value>
                <![CDATA[84]]>
              </value>
            </param>
            <param index="2">
              <value>
                <![CDATA[1]]>
              </value>
            </param>
            <param index="3">
              <value>
                <![CDATA[Desktop]]>
              </value>
            </param>
            <param index="4">
              <value>
                <![CDATA[rival]]>
              </value>
            </param>
          </params>
          <reporter-output>
          </reporter-output>
        </test-method> <!-- getDataFromArray -->
        <test-method signature="getDataFromArray(java.lang.String,java.lang.String,java.lang.String,java.lang.String,java.lang.String)[pri:0, instance:MichaelSeleniumAutomation.ExtractDataFromExcel.dataProviderTest@794cb805]" started-at="2024-12-07T18:55:38 SAST" name="getDataFromArray" data-provider="wins" finished-at="2024-12-07T18:55:38 SAST" duration-ms="0" status="PASS">
          <params>
            <param index="0">
              <value>
                <![CDATA[Doo Wop Daddy-O]]>
              </value>
            </param>
            <param index="1">
              <value>
                <![CDATA[154]]>
              </value>
            </param>
            <param index="2">
              <value>
                <![CDATA[1]]>
              </value>
            </param>
            <param index="3">
              <value>
                <![CDATA[Desktop]]>
              </value>
            </param>
            <param index="4">
              <value>
                <![CDATA[rival]]>
              </value>
            </param>
          </params>
          <reporter-output>
          </reporter-output>
        </test-method> <!-- getDataFromArray -->
        <test-method signature="getDataFromArray(java.lang.String,java.lang.String,java.lang.String,java.lang.String,java.lang.String)[pri:0, instance:MichaelSeleniumAutomation.ExtractDataFromExcel.dataProviderTest@794cb805]" started-at="2024-12-07T18:55:38 SAST" name="getDataFromArray" data-provider="wins" finished-at="2024-12-07T18:55:38 SAST" duration-ms="1" status="PASS">
          <params>
            <param index="0">
              <value>
                <![CDATA[Double Joker]]>
              </value>
            </param>
            <param index="1">
              <value>
                <![CDATA[57]]>
              </value>
            </param>
            <param index="2">
              <value>
                <![CDATA[1]]>
              </value>
            </param>
            <param index="3">
              <value>
                <![CDATA[Desktop]]>
              </value>
            </param>
            <param index="4">
              <value>
                <![CDATA[rival]]>
              </value>
            </param>
          </params>
          <reporter-output>
          </reporter-output>
        </test-method> <!-- getDataFromArray -->
        <test-method signature="getDataFromArray(java.lang.String,java.lang.String,java.lang.String,java.lang.String,java.lang.String)[pri:0, instance:MichaelSeleniumAutomation.ExtractDataFromExcel.dataProviderTest@794cb805]" started-at="2024-12-07T18:55:38 SAST" name="getDataFromArray" data-provider="wins" finished-at="2024-12-07T18:55:38 SAST" duration-ms="1" status="PASS">
          <params>
            <param index="0">
              <value>
                <![CDATA[Eggstravaganza]]>
              </value>
            </param>
            <param index="1">
              <value>
                <![CDATA[133]]>
              </value>
            </param>
            <param index="2">
              <value>
                <![CDATA[1]]>
              </value>
            </param>
            <param index="3">
              <value>
                <![CDATA[Desktop]]>
              </value>
            </param>
            <param index="4">
              <value>
                <![CDATA[rival]]>
              </value>
            </param>
          </params>
          <reporter-output>
          </reporter-output>
        </test-method> <!-- getDataFromArray -->
        <test-method signature="getDataFromArray(java.lang.String,java.lang.String,java.lang.String,java.lang.String,java.lang.String)[pri:0, instance:MichaelSeleniumAutomation.ExtractDataFromExcel.dataProviderTest@794cb805]" started-at="2024-12-07T18:55:38 SAST" name="getDataFromArray" data-provider="wins" finished-at="2024-12-07T18:55:38 SAST" duration-ms="0" status="PASS">
          <params>
            <param index="0">
              <value>
                <![CDATA[European BINGO]]>
              </value>
            </param>
            <param index="1">
              <value>
                <![CDATA[188]]>
              </value>
            </param>
            <param index="2">
              <value>
                <![CDATA[1]]>
              </value>
            </param>
            <param index="3">
              <value>
                <![CDATA[Desktop]]>
              </value>
            </param>
            <param index="4">
              <value>
                <![CDATA[rival]]>
              </value>
            </param>
          </params>
          <reporter-output>
          </reporter-output>
        </test-method> <!-- getDataFromArray -->
        <test-method signature="getDataFromArray(java.lang.String,java.lang.String,java.lang.String,java.lang.String,java.lang.String)[pri:0, instance:MichaelSeleniumAutomation.ExtractDataFromExcel.dataProviderTest@794cb805]" started-at="2024-12-07T18:55:38 SAST" name="getDataFromArray" data-provider="wins" finished-at="2024-12-07T18:55:38 SAST" duration-ms="0" status="PASS">
          <params>
            <param index="0">
              <value>
                <![CDATA[Fantastic Fruit]]>
              </value>
            </param>
            <param index="1">
              <value>
                <![CDATA[41]]>
              </value>
            </param>
            <param index="2">
              <value>
                <![CDATA[1]]>
              </value>
            </param>
            <param index="3">
              <value>
                <![CDATA[Desktop]]>
              </value>
            </param>
            <param index="4">
              <value>
                <![CDATA[rival]]>
              </value>
            </param>
          </params>
          <reporter-output>
          </reporter-output>
        </test-method> <!-- getDataFromArray -->
        <test-method signature="getDataFromArray(java.lang.String,java.lang.String,java.lang.String,java.lang.String,java.lang.String)[pri:0, instance:MichaelSeleniumAutomation.ExtractDataFromExcel.dataProviderTest@794cb805]" started-at="2024-12-07T18:55:38 SAST" name="getDataFromArray" data-provider="wins" finished-at="2024-12-07T18:55:38 SAST" duration-ms="0" status="PASS">
          <params>
            <param index="0">
              <value>
                <![CDATA[Fantasy Fortune]]>
              </value>
            </param>
            <param index="1">
              <value>
                <![CDATA[104]]>
              </value>
            </param>
            <param index="2">
              <value>
                <![CDATA[1]]>
              </value>
            </param>
            <param index="3">
              <value>
                <![CDATA[Desktop]]>
              </value>
            </param>
            <param index="4">
              <value>
                <![CDATA[rival]]>
              </value>
            </param>
          </params>
          <reporter-output>
          </reporter-output>
        </test-method> <!-- getDataFromArray -->
        <test-method signature="getDataFromArray(java.lang.String,java.lang.String,java.lang.String,java.lang.String,java.lang.String)[pri:0, instance:MichaelSeleniumAutomation.ExtractDataFromExcel.dataProviderTest@794cb805]" started-at="2024-12-07T18:55:38 SAST" name="getDataFromArray" data-provider="wins" finished-at="2024-12-07T18:55:38 SAST" duration-ms="0" status="PASS">
          <params>
            <param index="0">
              <value>
                <![CDATA[Fast Lane]]>
              </value>
            </param>
            <param index="1">
              <value>
                <![CDATA[202]]>
              </value>
            </param>
            <param index="2">
              <value>
                <![CDATA[1]]>
              </value>
            </param>
            <param index="3">
              <value>
                <![CDATA[Desktop]]>
              </value>
            </param>
            <param index="4">
              <value>
                <![CDATA[rival]]>
              </value>
            </param>
          </params>
          <reporter-output>
          </reporter-output>
        </test-method> <!-- getDataFromArray -->
        <test-method signature="getDataFromArray(java.lang.String,java.lang.String,java.lang.String,java.lang.String,java.lang.String)[pri:0, instance:MichaelSeleniumAutomation.ExtractDataFromExcel.dataProviderTest@794cb805]" started-at="2024-12-07T18:55:38 SAST" name="getDataFromArray" data-provider="wins" finished-at="2024-12-07T18:55:38 SAST" duration-ms="0" status="PASS">
          <params>
            <param index="0">
              <value>
                <![CDATA[Firestorm 7]]>
              </value>
            </param>
            <param index="1">
              <value>
                <![CDATA[255]]>
              </value>
            </param>
            <param index="2">
              <value>
                <![CDATA[1]]>
              </value>
            </param>
            <param index="3">
              <value>
                <![CDATA[Desktop]]>
              </value>
            </param>
            <param index="4">
              <value>
                <![CDATA[rival]]>
              </value>
            </param>
          </params>
          <reporter-output>
          </reporter-output>
        </test-method> <!-- getDataFromArray -->
        <test-method signature="getDataFromArray(java.lang.String,java.lang.String,java.lang.String,java.lang.String,java.lang.String)[pri:0, instance:MichaelSeleniumAutomation.ExtractDataFromExcel.dataProviderTest@794cb805]" started-at="2024-12-07T18:55:38 SAST" name="getDataFromArray" data-provider="wins" finished-at="2024-12-07T18:55:38 SAST" duration-ms="0" status="PASS">
          <params>
            <param index="0">
              <value>
                <![CDATA[Five Times Wins]]>
              </value>
            </param>
            <param index="1">
              <value>
                <![CDATA[866]]>
              </value>
            </param>
            <param index="2">
              <value>
                <![CDATA[1]]>
              </value>
            </param>
            <param index="3">
              <value>
                <![CDATA[Desktop]]>
              </value>
            </param>
            <param index="4">
              <value>
                <![CDATA[rival]]>
              </value>
            </param>
          </params>
          <reporter-output>
          </reporter-output>
        </test-method> <!-- getDataFromArray -->
        <test-method signature="getDataFromArray(java.lang.String,java.lang.String,java.lang.String,java.lang.String,java.lang.String)[pri:0, instance:MichaelSeleniumAutomation.ExtractDataFromExcel.dataProviderTest@794cb805]" started-at="2024-12-07T18:55:38 SAST" name="getDataFromArray" data-provider="wins" finished-at="2024-12-07T18:55:38 SAST" duration-ms="0" status="PASS">
          <params>
            <param index="0">
              <value>
                <![CDATA[Fixer Upper]]>
              </value>
            </param>
            <param index="1">
              <value>
                <![CDATA[140]]>
              </value>
            </param>
            <param index="2">
              <value>
                <![CDATA[1]]>
              </value>
            </param>
            <param index="3">
              <value>
                <![CDATA[Desktop]]>
              </value>
            </param>
            <param index="4">
              <value>
                <![CDATA[rival]]>
              </value>
            </param>
          </params>
          <reporter-output>
          </reporter-output>
        </test-method> <!-- getDataFromArray -->
        <test-method signature="getDataFromArray(java.lang.String,java.lang.String,java.lang.String,java.lang.String,java.lang.String)[pri:0, instance:MichaelSeleniumAutomation.ExtractDataFromExcel.dataProviderTest@794cb805]" started-at="2024-12-07T18:55:38 SAST" name="getDataFromArray" data-provider="wins" finished-at="2024-12-07T18:55:38 SAST" duration-ms="0" status="PASS">
          <params>
            <param index="0">
              <value>
                <![CDATA[Flea market]]>
              </value>
            </param>
            <param index="1">
              <value>
                <![CDATA[49]]>
              </value>
            </param>
            <param index="2">
              <value>
                <![CDATA[1]]>
              </value>
            </param>
            <param index="3">
              <value>
                <![CDATA[Desktop]]>
              </value>
            </param>
            <param index="4">
              <value>
                <![CDATA[rival]]>
              </value>
            </param>
          </params>
          <reporter-output>
          </reporter-output>
        </test-method> <!-- getDataFromArray -->
        <test-method signature="getDataFromArray(java.lang.String,java.lang.String,java.lang.String,java.lang.String,java.lang.String)[pri:0, instance:MichaelSeleniumAutomation.ExtractDataFromExcel.dataProviderTest@794cb805]" started-at="2024-12-07T18:55:38 SAST" name="getDataFromArray" data-provider="wins" finished-at="2024-12-07T18:55:38 SAST" duration-ms="0" status="PASS">
          <params>
            <param index="0">
              <value>
                <![CDATA[Flying Colors]]>
              </value>
            </param>
            <param index="1">
              <value>
                <![CDATA[150]]>
              </value>
            </param>
            <param index="2">
              <value>
                <![CDATA[1]]>
              </value>
            </param>
            <param index="3">
              <value>
                <![CDATA[Desktop]]>
              </value>
            </param>
            <param index="4">
              <value>
                <![CDATA[rival]]>
              </value>
            </param>
          </params>
          <reporter-output>
          </reporter-output>
        </test-method> <!-- getDataFromArray -->
        <test-method signature="getDataFromArray(java.lang.String,java.lang.String,java.lang.String,java.lang.String,java.lang.String)[pri:0, instance:MichaelSeleniumAutomation.ExtractDataFromExcel.dataProviderTest@794cb805]" started-at="2024-12-07T18:55:38 SAST" name="getDataFromArray" data-provider="wins" finished-at="2024-12-07T18:55:38 SAST" duration-ms="1" status="PASS">
          <params>
            <param index="0">
              <value>
                <![CDATA[Frogged]]>
              </value>
            </param>
            <param index="1">
              <value>
                <![CDATA[860]]>
              </value>
            </param>
            <param index="2">
              <value>
                <![CDATA[1]]>
              </value>
            </param>
            <param index="3">
              <value>
                <![CDATA[Desktop]]>
              </value>
            </param>
            <param index="4">
              <value>
                <![CDATA[rival]]>
              </value>
            </param>
          </params>
          <reporter-output>
          </reporter-output>
        </test-method> <!-- getDataFromArray -->
        <test-method signature="getDataFromArray(java.lang.String,java.lang.String,java.lang.String,java.lang.String,java.lang.String)[pri:0, instance:MichaelSeleniumAutomation.ExtractDataFromExcel.dataProviderTest@794cb805]" started-at="2024-12-07T18:55:38 SAST" name="getDataFromArray" data-provider="wins" finished-at="2024-12-07T18:55:38 SAST" duration-ms="1" status="PASS">
          <params>
            <param index="0">
              <value>
                <![CDATA[Future Fortunes]]>
              </value>
            </param>
            <param index="1">
              <value>
                <![CDATA[103]]>
              </value>
            </param>
            <param index="2">
              <value>
                <![CDATA[1]]>
              </value>
            </param>
            <param index="3">
              <value>
                <![CDATA[Desktop]]>
              </value>
            </param>
            <param index="4">
              <value>
                <![CDATA[rival]]>
              </value>
            </param>
          </params>
          <reporter-output>
          </reporter-output>
        </test-method> <!-- getDataFromArray -->
        <test-method signature="getDataFromArray(java.lang.String,java.lang.String,java.lang.String,java.lang.String,java.lang.String)[pri:0, instance:MichaelSeleniumAutomation.ExtractDataFromExcel.dataProviderTest@794cb805]" started-at="2024-12-07T18:55:38 SAST" name="getDataFromArray" data-provider="wins" finished-at="2024-12-07T18:55:38 SAST" duration-ms="0" status="PASS">
          <params>
            <param index="0">
              <value>
                <![CDATA[Global Cup Soccer]]>
              </value>
            </param>
            <param index="1">
              <value>
                <![CDATA[146]]>
              </value>
            </param>
            <param index="2">
              <value>
                <![CDATA[1]]>
              </value>
            </param>
            <param index="3">
              <value>
                <![CDATA[Desktop]]>
              </value>
            </param>
            <param index="4">
              <value>
                <![CDATA[rival]]>
              </value>
            </param>
          </params>
          <reporter-output>
          </reporter-output>
        </test-method> <!-- getDataFromArray -->
        <test-method signature="getDataFromArray(java.lang.String,java.lang.String,java.lang.String,java.lang.String,java.lang.String)[pri:0, instance:MichaelSeleniumAutomation.ExtractDataFromExcel.dataProviderTest@794cb805]" started-at="2024-12-07T18:55:38 SAST" name="getDataFromArray" data-provider="wins" finished-at="2024-12-07T18:55:38 SAST" duration-ms="1" status="PASS">
          <params>
            <param index="0">
              <value>
                <![CDATA[Gnome Sweet Home]]>
              </value>
            </param>
            <param index="1">
              <value>
                <![CDATA[266]]>
              </value>
            </param>
            <param index="2">
              <value>
                <![CDATA[1]]>
              </value>
            </param>
            <param index="3">
              <value>
                <![CDATA[Desktop]]>
              </value>
            </param>
            <param index="4">
              <value>
                <![CDATA[rival]]>
              </value>
            </param>
          </params>
          <reporter-output>
          </reporter-output>
        </test-method> <!-- getDataFromArray -->
        <test-method signature="getDataFromArray(java.lang.String,java.lang.String,java.lang.String,java.lang.String,java.lang.String)[pri:0, instance:MichaelSeleniumAutomation.ExtractDataFromExcel.dataProviderTest@794cb805]" started-at="2024-12-07T18:55:38 SAST" name="getDataFromArray" data-provider="wins" finished-at="2024-12-07T18:55:38 SAST" duration-ms="1" status="PASS">
          <params>
            <param index="0">
              <value>
                <![CDATA[Gobblers Gold]]>
              </value>
            </param>
            <param index="1">
              <value>
                <![CDATA[120]]>
              </value>
            </param>
            <param index="2">
              <value>
                <![CDATA[1]]>
              </value>
            </param>
            <param index="3">
              <value>
                <![CDATA[Desktop]]>
              </value>
            </param>
            <param index="4">
              <value>
                <![CDATA[rival]]>
              </value>
            </param>
          </params>
          <reporter-output>
          </reporter-output>
        </test-method> <!-- getDataFromArray -->
        <test-method signature="getDataFromArray(java.lang.String,java.lang.String,java.lang.String,java.lang.String,java.lang.String)[pri:0, instance:MichaelSeleniumAutomation.ExtractDataFromExcel.dataProviderTest@794cb805]" started-at="2024-12-07T18:55:38 SAST" name="getDataFromArray" data-provider="wins" finished-at="2024-12-07T18:55:38 SAST" duration-ms="1" status="PASS">
          <params>
            <param index="0">
              <value>
                <![CDATA[Gold Rush]]>
              </value>
            </param>
            <param index="1">
              <value>
                <![CDATA[48]]>
              </value>
            </param>
            <param index="2">
              <value>
                <![CDATA[1]]>
              </value>
            </param>
            <param index="3">
              <value>
                <![CDATA[Desktop]]>
              </value>
            </param>
            <param index="4">
              <value>
                <![CDATA[rival]]>
              </value>
            </param>
          </params>
          <reporter-output>
          </reporter-output>
        </test-method> <!-- getDataFromArray -->
        <test-method signature="getDataFromArray(java.lang.String,java.lang.String,java.lang.String,java.lang.String,java.lang.String)[pri:0, instance:MichaelSeleniumAutomation.ExtractDataFromExcel.dataProviderTest@794cb805]" started-at="2024-12-07T18:55:38 SAST" name="getDataFromArray" data-provider="wins" finished-at="2024-12-07T18:55:38 SAST" duration-ms="1" status="PASS">
          <params>
            <param index="0">
              <value>
                <![CDATA[Golden Gorilla]]>
              </value>
            </param>
            <param index="1">
              <value>
                <![CDATA[254]]>
              </value>
            </param>
            <param index="2">
[...]
              </value>
            </param>
            <param index="1">
              <value>
                <![CDATA[30295]]>
              </value>
            </param>
            <param index="2">
              <value>
                <![CDATA[1]]>
              </value>
            </param>
            <param index="3">
              <value>
                <![CDATA[Desktop]]>
              </value>
            </param>
            <param index="4">
              <value>
                <![CDATA[nucleus]]>
              </value>
            </param>
          </params>
          <reporter-output>
          </reporter-output>
        </test-method> <!-- getDataFromArray -->
        <test-method signature="getDataFromArray(java.lang.String,java.lang.String,java.lang.String,java.lang.String,java.lang.String)[pri:0, instance:MichaelSeleniumAutomation.ExtractDataFromExcel.dataProviderTest@794cb805]" started-at="2024-12-07T18:55:38 SAST" name="getDataFromArray" data-provider="wins" finished-at="2024-12-07T18:55:38 SAST" duration-ms="1" status="PASS">
          <params>
            <param index="0">
              <value>
                <![CDATA[Pyramid Jacks Or Better]]>
              </value>
            </param>
            <param index="1">
              <value>
                <![CDATA[30289]]>
              </value>
            </param>
            <param index="2">
              <value>
                <![CDATA[1]]>
              </value>
            </param>
            <param index="3">
              <value>
                <![CDATA[Desktop]]>
              </value>
            </param>
            <param index="4">
              <value>
                <![CDATA[nucleus]]>
              </value>
            </param>
          </params>
          <reporter-output>
          </reporter-output>
        </test-method> <!-- getDataFromArray -->
        <test-method signature="getDataFromArray(java.lang.String,java.lang.String,java.lang.String,java.lang.String,java.lang.String)[pri:0, instance:MichaelSeleniumAutomation.ExtractDataFromExcel.dataProviderTest@794cb805]" started-at="2024-12-07T18:55:38 SAST" name="getDataFromArray" data-provider="wins" finished-at="2024-12-07T18:55:38 SAST" duration-ms="0" status="PASS">
          <params>
            <param index="0">
              <value>
                <![CDATA[Pyramid Double Jackpot]]>
              </value>
            </param>
            <param index="1">
              <value>
                <![CDATA[30296]]>
              </value>
            </param>
            <param index="2">
              <value>
                <![CDATA[1]]>
              </value>
            </param>
            <param index="3">
              <value>
                <![CDATA[Desktop]]>
              </value>
            </param>
            <param index="4">
              <value>
                <![CDATA[nucleus]]>
              </value>
            </param>
          </params>
          <reporter-output>
          </reporter-output>
        </test-method> <!-- getDataFromArray -->
        <test-method signature="getDataFromArray(java.lang.String,java.lang.String,java.lang.String,java.lang.String,java.lang.String)[pri:0, instance:MichaelSeleniumAutomation.ExtractDataFromExcel.dataProviderTest@794cb805]" started-at="2024-12-07T18:55:38 SAST" name="getDataFromArray" data-provider="wins" finished-at="2024-12-07T18:55:38 SAST" duration-ms="1" status="PASS">
          <params>
            <param index="0">
              <value>
                <![CDATA[Pyramid Joker Poker]]>
              </value>
            </param>
            <param index="1">
              <value>
                <![CDATA[30291]]>
              </value>
            </param>
            <param index="2">
              <value>
                <![CDATA[1]]>
              </value>
            </param>
            <param index="3">
              <value>
                <![CDATA[Desktop]]>
              </value>
            </param>
            <param index="4">
              <value>
                <![CDATA[nucleus]]>
              </value>
            </param>
          </params>
          <reporter-output>
          </reporter-output>
        </test-method> <!-- getDataFromArray -->
        <test-method signature="getDataFromArray(java.lang.String,java.lang.String,java.lang.String,java.lang.String,java.lang.String)[pri:0, instance:MichaelSeleniumAutomation.ExtractDataFromExcel.dataProviderTest@794cb805]" started-at="2024-12-07T18:55:38 SAST" name="getDataFromArray" data-provider="wins" finished-at="2024-12-07T18:55:38 SAST" duration-ms="0" status="PASS">
          <params>
            <param index="0">
              <value>
                <![CDATA[Red Dog]]>
              </value>
            </param>
            <param index="1">
              <value>
                <![CDATA[30242]]>
              </value>
            </param>
            <param index="2">
              <value>
                <![CDATA[1]]>
              </value>
            </param>
            <param index="3">
              <value>
                <![CDATA[Desktop]]>
              </value>
            </param>
            <param index="4">
              <value>
                <![CDATA[nucleus]]>
              </value>
            </param>
          </params>
          <reporter-output>
          </reporter-output>
        </test-method> <!-- getDataFromArray -->
        <test-method signature="getDataFromArray(java.lang.String,java.lang.String,java.lang.String,java.lang.String,java.lang.String)[pri:0, instance:MichaelSeleniumAutomation.ExtractDataFromExcel.dataProviderTest@794cb805]" started-at="2024-12-07T18:55:38 SAST" name="getDataFromArray" data-provider="wins" finished-at="2024-12-07T18:55:38 SAST" duration-ms="0" status="PASS">
          <params>
            <param index="0">
              <value>
                <![CDATA[Ride`m Poker]]>
              </value>
            </param>
            <param index="1">
              <value>
                <![CDATA[30243]]>
              </value>
            </param>
            <param index="2">
              <value>
                <![CDATA[1]]>
              </value>
            </param>
            <param index="3">
              <value>
                <![CDATA[Desktop]]>
              </value>
            </param>
            <param index="4">
              <value>
                <![CDATA[nucleus]]>
              </value>
            </param>
          </params>
          <reporter-output>
          </reporter-output>
        </test-method> <!-- getDataFromArray -->
        <test-method signature="getDataFromArray(java.lang.String,java.lang.String,java.lang.String,java.lang.String,java.lang.String)[pri:0, instance:MichaelSeleniumAutomation.ExtractDataFromExcel.dataProviderTest@794cb805]" started-at="2024-12-07T18:55:38 SAST" name="getDataFromArray" data-provider="wins" finished-at="2024-12-07T18:55:38 SAST" duration-ms="0" status="PASS">
          <params>
            <param index="0">
              <value>
                <![CDATA[Split Way Royal]]>
              </value>
            </param>
            <param index="1">
              <value>
                <![CDATA[30280]]>
              </value>
            </param>
            <param index="2">
              <value>
                <![CDATA[1]]>
              </value>
            </param>
            <param index="3">
              <value>
                <![CDATA[Desktop]]>
              </value>
            </param>
            <param index="4">
              <value>
                <![CDATA[nucleus]]>
              </value>
            </param>
          </params>
          <reporter-output>
          </reporter-output>
        </test-method> <!-- getDataFromArray -->
        <test-method signature="getDataFromArray(java.lang.String,java.lang.String,java.lang.String,java.lang.String,java.lang.String)[pri:0, instance:MichaelSeleniumAutomation.ExtractDataFromExcel.dataProviderTest@794cb805]" started-at="2024-12-07T18:55:38 SAST" name="getDataFromArray" data-provider="wins" finished-at="2024-12-07T18:55:38 SAST" duration-ms="1" status="PASS">
          <params>
            <param index="0">
              <value>
                <![CDATA[Super 7 Blackjack]]>
              </value>
            </param>
            <param index="1">
              <value>
                <![CDATA[30259]]>
              </value>
            </param>
            <param index="2">
              <value>
                <![CDATA[1]]>
              </value>
            </param>
            <param index="3">
              <value>
                <![CDATA[Desktop]]>
              </value>
            </param>
            <param index="4">
              <value>
                <![CDATA[nucleus]]>
              </value>
            </param>
          </params>
          <reporter-output>
          </reporter-output>
        </test-method> <!-- getDataFromArray -->
        <test-method signature="getDataFromArray(java.lang.String,java.lang.String,java.lang.String,java.lang.String,java.lang.String)[pri:0, instance:MichaelSeleniumAutomation.ExtractDataFromExcel.dataProviderTest@794cb805]" started-at="2024-12-07T18:55:38 SAST" name="getDataFromArray" data-provider="wins" finished-at="2024-12-07T18:55:38 SAST" duration-ms="1" status="PASS">
          <params>
            <param index="0">
              <value>
                <![CDATA[Super 7s]]>
              </value>
            </param>
            <param index="1">
              <value>
                <![CDATA[30146]]>
              </value>
            </param>
            <param index="2">
              <value>
                <![CDATA[1]]>
              </value>
            </param>
            <param index="3">
              <value>
                <![CDATA[Mobile]]>
              </value>
            </param>
            <param index="4">
              <value>
                <![CDATA[nucleus]]>
              </value>
            </param>
          </params>
          <reporter-output>
          </reporter-output>
        </test-method> <!-- getDataFromArray -->
        <test-method signature="getDataFromArray(java.lang.String,java.lang.String,java.lang.String,java.lang.String,java.lang.String)[pri:0, instance:MichaelSeleniumAutomation.ExtractDataFromExcel.dataProviderTest@794cb805]" started-at="2024-12-07T18:55:38 SAST" name="getDataFromArray" data-provider="wins" finished-at="2024-12-07T18:55:38 SAST" duration-ms="0" status="PASS">
          <params>
            <param index="0">
              <value>
                <![CDATA[Tens or Better]]>
              </value>
            </param>
            <param index="1">
              <value>
                <![CDATA[30267]]>
              </value>
            </param>
            <param index="2">
              <value>
                <![CDATA[1]]>
              </value>
            </param>
            <param index="3">
              <value>
                <![CDATA[Desktop]]>
              </value>
            </param>
            <param index="4">
              <value>
                <![CDATA[nucleus]]>
              </value>
            </param>
          </params>
          <reporter-output>
          </reporter-output>
        </test-method> <!-- getDataFromArray -->
        <test-method signature="getDataFromArray(java.lang.String,java.lang.String,java.lang.String,java.lang.String,java.lang.String)[pri:0, instance:MichaelSeleniumAutomation.ExtractDataFromExcel.dataProviderTest@794cb805]" started-at="2024-12-07T18:55:38 SAST" name="getDataFromArray" data-provider="wins" finished-at="2024-12-07T18:55:38 SAST" duration-ms="1" status="PASS">
          <params>
            <param index="0">
              <value>
                <![CDATA[Three Card Rummy]]>
              </value>
            </param>
            <param index="1">
              <value>
                <![CDATA[30244]]>
              </value>
            </param>
            <param index="2">
              <value>
                <![CDATA[1]]>
              </value>
            </param>
            <param index="3">
              <value>
                <![CDATA[Desktop]]>
              </value>
            </param>
            <param index="4">
              <value>
                <![CDATA[nucleus]]>
              </value>
            </param>
          </params>
          <reporter-output>
          </reporter-output>
        </test-method> <!-- getDataFromArray -->
        <test-method signature="getDataFromArray(java.lang.String,java.lang.String,java.lang.String,java.lang.String,java.lang.String)[pri:0, instance:MichaelSeleniumAutomation.ExtractDataFromExcel.dataProviderTest@794cb805]" started-at="2024-12-07T18:55:38 SAST" name="getDataFromArray" data-provider="wins" finished-at="2024-12-07T18:55:38 SAST" duration-ms="0" status="PASS">
          <params>
            <param index="0">
              <value>
                <![CDATA[The Critters]]>
              </value>
            </param>
            <param index="1">
              <value>
                <![CDATA[30095]]>
              </value>
            </param>
            <param index="2">
              <value>
                <![CDATA[1]]>
              </value>
            </param>
            <param index="3">
              <value>
                <![CDATA[Mobile]]>
              </value>
            </param>
            <param index="4">
              <value>
                <![CDATA[nucleus]]>
              </value>
            </param>
          </params>
          <reporter-output>
          </reporter-output>
        </test-method> <!-- getDataFromArray -->
        <test-method signature="getDataFromArray(java.lang.String,java.lang.String,java.lang.String,java.lang.String,java.lang.String)[pri:0, instance:MichaelSeleniumAutomation.ExtractDataFromExcel.dataProviderTest@794cb805]" started-at="2024-12-07T18:55:38 SAST" name="getDataFromArray" data-provider="wins" finished-at="2024-12-07T18:55:38 SAST" duration-ms="0" status="PASS">
          <params>
            <param index="0">
              <value>
                <![CDATA[Top Card Trumps]]>
              </value>
            </param>
            <param index="1">
              <value>
                <![CDATA[30260]]>
              </value>
            </param>
            <param index="2">
              <value>
                <![CDATA[1]]>
              </value>
            </param>
            <param index="3">
              <value>
                <![CDATA[Desktop]]>
              </value>
            </param>
            <param index="4">
              <value>
                <![CDATA[nucleus]]>
              </value>
            </param>
          </params>
          <reporter-output>
          </reporter-output>
        </test-method> <!-- getDataFromArray -->
        <test-method signature="getDataFromArray(java.lang.String,java.lang.String,java.lang.String,java.lang.String,java.lang.String)[pri:0, instance:MichaelSeleniumAutomation.ExtractDataFromExcel.dataProviderTest@794cb805]" started-at="2024-12-07T18:55:38 SAST" name="getDataFromArray" data-provider="wins" finished-at="2024-12-07T18:55:38 SAST" duration-ms="0" status="PASS">
          <params>
            <param index="0">
              <value>
                <![CDATA[Triple Edge Poker]]>
              </value>
            </param>
            <param index="1">
              <value>
                <![CDATA[30258]]>
              </value>
            </param>
            <param index="2">
              <value>
                <![CDATA[1]]>
              </value>
            </param>
            <param index="3">
              <value>
                <![CDATA[Desktop]]>
              </value>
            </param>
            <param index="4">
              <value>
                <![CDATA[nucleus]]>
              </value>
            </param>
          </params>
          <reporter-output>
          </reporter-output>
        </test-method> <!-- getDataFromArray -->
        <test-method signature="getDataFromArray(java.lang.String,java.lang.String,java.lang.String,java.lang.String,java.lang.String)[pri:0, instance:MichaelSeleniumAutomation.ExtractDataFromExcel.dataProviderTest@794cb805]" started-at="2024-12-07T18:55:38 SAST" name="getDataFromArray" data-provider="wins" finished-at="2024-12-07T18:55:38 SAST" duration-ms="1" status="PASS">
          <params>
            <param index="0">
              <value>
                <![CDATA[Jumbo Joker]]>
              </value>
            </param>
            <param index="1">
              <value>
                <![CDATA[767]]>
              </value>
            </param>
            <param index="2">
              <value>
                <![CDATA[1]]>
              </value>
            </param>
            <param index="3">
              <value>
                <![CDATA[Desktop]]>
              </value>
            </param>
            <param index="4">
              <value>
                <![CDATA[betsoft]]>
              </value>
            </param>
          </params>
          <reporter-output>
          </reporter-output>
        </test-method> <!-- getDataFromArray -->
        <test-method signature="getsData(java.lang.String,java.lang.String,int)[pri:0, instance:MichaelSeleniumAutomation.ExtractDataFromExcel.dataProviderTest@794cb805]" started-at="2024-12-07T18:55:38 SAST" name="getsData" data-provider="sendData" finished-at="2024-12-07T18:55:38 SAST" duration-ms="1" status="PASS">
          <params>
            <param index="0">
              <value>
                <![CDATA[Michael]]>
              </value>
            </param>
            <param index="1">
              <value>
                <![CDATA[Djamba]]>
              </value>
            </param>
            <param index="2">
              <value>
                <![CDATA[32]]>
              </value>
            </param>
          </params>
          <reporter-output>
          </reporter-output>
        </test-method> <!-- getsData -->
        <test-method signature="getsData(java.lang.String,java.lang.String,int)[pri:0, instance:MichaelSeleniumAutomation.ExtractDataFromExcel.dataProviderTest@794cb805]" started-at="2024-12-07T18:55:38 SAST" name="getsData" data-provider="sendData" finished-at="2024-12-07T18:55:38 SAST" duration-ms="0" status="PASS">
          <params>
            <param index="0">
              <value>
                <![CDATA[Lisa]]>
              </value>
            </param>
            <param index="1">
              <value>
                <![CDATA[Smith]]>
              </value>
            </param>
            <param index="2">
              <value>
                <![CDATA[1]]>
              </value>
            </param>
          </params>
          <reporter-output>
          </reporter-output>
        </test-method> <!-- getsData -->
        <test-method signature="getsData(java.lang.String,java.lang.String,int)[pri:0, instance:MichaelSeleniumAutomation.ExtractDataFromExcel.dataProviderTest@794cb805]" started-at="2024-12-07T18:55:38 SAST" name="getsData" data-provider="sendData" finished-at="2024-12-07T18:55:38 SAST" duration-ms="0" status="PASS">
          <params>
            <param index="0">
              <value>
                <![CDATA[babalwa]]>
              </value>
            </param>
            <param index="1">
              <value>
                <![CDATA[vas]]>
              </value>
            </param>
            <param index="2">
              <value>
                <![CDATA[21]]>
              </value>
            </param>
          </params>
          <reporter-output>
          </reporter-output>
        </test-method> <!-- getsData -->
      </class> <!-- MichaelSeleniumAutomation.ExtractDataFromExcel.dataProviderTest -->
    </test> <!-- Default test -->
  </suite> <!-- Default suite -->
</testng-results>
