<?xml version="1.0" encoding="UTF-8"?>
<testng-results ignored="0" total="1" passed="1" failed="0" skipped="0">
  <reporter-output>
  </reporter-output>
  <suite started-at="2024-12-08T00:24:27 SAST" name="Default suite" finished-at="2024-12-08T00:24:36 SAST" duration-ms="9087">
    <groups>
    </groups>
    <test started-at="2024-12-08T00:24:27 SAST" name="Default test" finished-at="2024-12-08T00:24:36 SAST" duration-ms="9087">
      <class name="MichaelSeleniumAutomation.ExtractDataFromExcel.UploadAndDownloadFile">
        <test-method signature="downLoadAndUpload()[pri:0, instance:MichaelSeleniumAutomation.ExtractDataFromExcel.UploadAndDownloadFile@30ee2816]" started-at="2024-12-08T00:24:27 SAST" name="downLoadAndUpload" finished-at="2024-12-08T00:24:36 SAST" duration-ms="9059" status="PASS">
          <reporter-output>
          </reporter-output>
        </test-method> <!-- downLoadAndUpload -->
      </class> <!-- MichaelSeleniumAutomation.ExtractDataFromExcel.UploadAndDownloadFile -->
    </test> <!-- Default test -->
  </suite> <!-- Default suite -->
</testng-results>
